This is pdfTeX, Version 3.141592653-2.6-1.40.24 (MiKTeX 22.1) (preloaded format=pdflatex 2024.5.16)  16 MAY 2024 23:41
entering extended mode
 restricted \write18 enabled.
 %&-line parsing enabled.
**"/Users/chuksokoli/Documents/mlops zoomcamp 2024/notes/LaTeX/MLOps.tex"
(/Users/chuksokoli/Documents/mlops zoomcamp 2024/notes/LaTeX/MLOps.tex
LaTeX2e <2023-11-01> patch level 1
L3 programming layer <2024-04-11>
(/Library/Application Support/MiKTeX/texmfs/install/tex/latex/base/report.cls
Document Class: report 2023/05/17 v1.4n Standard LaTeX document class
(/Library/Application Support/MiKTeX/texmfs/install/tex/latex/base/size12.clo
File: size12.clo 2023/05/17 v1.4n Standard LaTeX file (size option)
)
\c@part=\count189
\c@chapter=\count190
\c@section=\count191
\c@subsection=\count192
\c@subsubsection=\count193
\c@paragraph=\count194
\c@subparagraph=\count195
\c@figure=\count196
\c@table=\count197
\abovecaptionskip=\skip48
\belowcaptionskip=\skip49
\bibindent=\dimen140
) (/Users/chuksokoli/Documents/mlops zoomcamp 2024/notes/LaTeX/NoteStyle.sty
Package: NoteStyle 

(/Library/Application Support/MiKTeX/texmfs/install/tex/latex/base/inputenc.sty
Package: inputenc 2021/02/14 v1.3d Input encoding file
\inpenc@prehook=\toks17
\inpenc@posthook=\toks18
)
(/Library/Application Support/MiKTeX/texmfs/install/tex/generic/babel/babel.sty
Package: babel 2024/04/20 v24.4 The Babel package
\babel@savecnt=\count198
\U@D=\dimen141
\l@unhyphenated=\language79

(/Library/Application Support/MiKTeX/texmfs/install/tex/generic/babel/txtbabel.
def)
\bbl@readstream=\read2
\bbl@dirlevel=\count199

*************************************
* Local config file bblopts.cfg used
*

(/Library/Application Support/MiKTeX/texmfs/install/tex/latex/arabi/bblopts.cfg
File: bblopts.cfg 2005/09/08 v0.1 add Arabic and Farsi to "declared" options of
 babel
)
(/Library/Application Support/MiKTeX/texmfs/install/tex/latex/babel-english/eng
lish.ldf
Language: english 2017/06/06 v3.3r English support from the babel system
Package babel Info: Hyphen rules for 'canadian' set to \l@english
(babel)             (\language0). Reported on input line 102.
Package babel Info: Hyphen rules for 'australian' set to \l@ukenglish
(babel)             (\language73). Reported on input line 105.
Package babel Info: Hyphen rules for 'newzealand' set to \l@ukenglish
(babel)             (\language73). Reported on input line 108.
))
(/Library/Application Support/MiKTeX/texmfs/install/tex/generic/babel/locale/en
/babel-english.tex
Package babel Info: Importing font and identification data for english
(babel)             from babel-en.ini. Reported on input line 11.
)
(/Users/chuksokoli/Library/Application Support/MiKTeX/texmfs/install/tex/latex/
geometry/geometry.sty
Package: geometry 2020/01/02 v5.9 Page Geometry

(/Library/Application Support/MiKTeX/texmfs/install/tex/latex/graphics/keyval.s
ty
Package: keyval 2022/05/29 v1.15 key=value parser (DPC)
\KV@toks@=\toks19
)
(/Library/Application Support/MiKTeX/texmfs/install/tex/generic/iftex/ifvtex.st
y
Package: ifvtex 2019/10/25 v1.7 ifvtex legacy package. Use iftex instead.

(/Library/Application Support/MiKTeX/texmfs/install/tex/generic/iftex/iftex.sty
Package: iftex 2022/02/03 v1.0f TeX engine tests
))
\Gm@cnth=\count266
\Gm@cntv=\count267
\c@Gm@tempcnt=\count268
\Gm@bindingoffset=\dimen142
\Gm@wd@mp=\dimen143
\Gm@odd@mp=\dimen144
\Gm@even@mp=\dimen145
\Gm@layoutwidth=\dimen146
\Gm@layoutheight=\dimen147
\Gm@layouthoffset=\dimen148
\Gm@layoutvoffset=\dimen149
\Gm@dimlist=\toks20

(/Users/chuksokoli/Library/Application Support/MiKTeX/texmfs/install/tex/latex/
geometry/geometry.cfg))
(/Library/Application Support/MiKTeX/texmfs/install/tex/latex/xcolor/xcolor.sty
Package: xcolor 2023/11/15 v3.01 LaTeX color extensions (UK)

(/Library/Application Support/MiKTeX/texmfs/install/tex/latex/graphics-cfg/colo
r.cfg
File: color.cfg 2016/01/02 v1.6 sample color configuration
)
Package xcolor Info: Driver file: pdftex.def on input line 274.

(/Library/Application Support/MiKTeX/texmfs/install/tex/latex/graphics-def/pdft
ex.def
File: pdftex.def 2024/04/13 v1.2c Graphics/color driver for pdftex
)
(/Library/Application Support/MiKTeX/texmfs/install/tex/latex/graphics/mathcolo
r.ltx)
Package xcolor Info: Model `cmy' substituted by `cmy0' on input line 1350.
Package xcolor Info: Model `hsb' substituted by `rgb' on input line 1354.
Package xcolor Info: Model `RGB' extended on input line 1366.
Package xcolor Info: Model `HTML' substituted by `rgb' on input line 1368.
Package xcolor Info: Model `Hsb' substituted by `hsb' on input line 1369.
Package xcolor Info: Model `tHsb' substituted by `hsb' on input line 1370.
Package xcolor Info: Model `HSB' substituted by `hsb' on input line 1371.
Package xcolor Info: Model `Gray' substituted by `gray' on input line 1372.
Package xcolor Info: Model `wave' substituted by `hsb' on input line 1373.
)
(/Users/chuksokoli/Library/Application Support/MiKTeX/texmfs/install/tex/latex/
colortbl/colortbl.sty
Package: colortbl 2024/02/20 v1.0g Color table columns (DPC)

(/Library/Application Support/MiKTeX/texmfs/install/tex/latex/tools/array.sty
Package: array 2023/10/16 v2.5g Tabular extension package (FMi)
\col@sep=\dimen150
\ar@mcellbox=\box51
\extrarowheight=\dimen151
\NC@list=\toks21
\extratabsurround=\skip50
\backup@length=\skip51
\ar@cellbox=\box52
)
\everycr=\toks22
\minrowclearance=\skip52
\rownum=\count269
)
(/Library/Application Support/MiKTeX/texmfs/install/tex/latex/graphics/dvipsnam
.def
File: dvipsnam.def 2016/06/17 v3.0m Driver-dependent file (DPC,SPQR)
)
(/Library/Application Support/MiKTeX/texmfs/install/tex/latex/tcolorbox/tcolorb
ox.sty
Package: tcolorbox 2024/01/10 version 6.2.0 text color boxes

(/Library/Application Support/MiKTeX/texmfs/install/tex/latex/pgf/basiclayer/pg
f.sty
(/Library/Application Support/MiKTeX/texmfs/install/tex/latex/pgf/utilities/pgf
rcs.sty
(/Library/Application Support/MiKTeX/texmfs/install/tex/generic/pgf/utilities/p
gfutil-common.tex
\pgfutil@everybye=\toks23
\pgfutil@tempdima=\dimen152
\pgfutil@tempdimb=\dimen153
)
(/Library/Application Support/MiKTeX/texmfs/install/tex/generic/pgf/utilities/p
gfutil-latex.def
\pgfutil@abb=\box53
)
(/Library/Application Support/MiKTeX/texmfs/install/tex/generic/pgf/utilities/p
gfrcs.code.tex
(/Library/Application Support/MiKTeX/texmfs/install/tex/generic/pgf/pgf.revisio
n.tex)
Package: pgfrcs 2023-01-15 v3.1.10 (3.1.10)
))
Package: pgf 2023-01-15 v3.1.10 (3.1.10)

(/Library/Application Support/MiKTeX/texmfs/install/tex/latex/pgf/basiclayer/pg
fcore.sty
(/Library/Application Support/MiKTeX/texmfs/install/tex/latex/graphics/graphicx
.sty
Package: graphicx 2021/09/16 v1.2d Enhanced LaTeX Graphics (DPC,SPQR)

(/Library/Application Support/MiKTeX/texmfs/install/tex/latex/graphics/graphics
.sty
Package: graphics 2022/03/10 v1.4e Standard LaTeX Graphics (DPC,SPQR)

(/Library/Application Support/MiKTeX/texmfs/install/tex/latex/graphics/trig.sty
Package: trig 2021/08/11 v1.11 sin cos tan (DPC)
)
(/Library/Application Support/MiKTeX/texmfs/install/tex/latex/graphics-cfg/grap
hics.cfg
File: graphics.cfg 2016/06/04 v1.11 sample graphics configuration
)
Package graphics Info: Driver file: pdftex.def on input line 107.
)
\Gin@req@height=\dimen154
\Gin@req@width=\dimen155
)
(/Library/Application Support/MiKTeX/texmfs/install/tex/latex/pgf/systemlayer/p
gfsys.sty
(/Library/Application Support/MiKTeX/texmfs/install/tex/generic/pgf/systemlayer
/pgfsys.code.tex
Package: pgfsys 2023-01-15 v3.1.10 (3.1.10)

(/Library/Application Support/MiKTeX/texmfs/install/tex/generic/pgf/utilities/p
gfkeys.code.tex
\pgfkeys@pathtoks=\toks24
\pgfkeys@temptoks=\toks25

(/Library/Application Support/MiKTeX/texmfs/install/tex/generic/pgf/utilities/p
gfkeyslibraryfiltered.code.tex
\pgfkeys@tmptoks=\toks26
))
\pgf@x=\dimen156
\pgf@y=\dimen157
\pgf@xa=\dimen158
\pgf@ya=\dimen159
\pgf@xb=\dimen160
\pgf@yb=\dimen161
\pgf@xc=\dimen162
\pgf@yc=\dimen163
\pgf@xd=\dimen164
\pgf@yd=\dimen165
\w@pgf@writea=\write3
\r@pgf@reada=\read3
\c@pgf@counta=\count270
\c@pgf@countb=\count271
\c@pgf@countc=\count272
\c@pgf@countd=\count273
\t@pgf@toka=\toks27
\t@pgf@tokb=\toks28
\t@pgf@tokc=\toks29
\pgf@sys@id@count=\count274

(/Library/Application Support/MiKTeX/texmfs/install/tex/generic/pgf/systemlayer
/pgf.cfg
File: pgf.cfg 2023-01-15 v3.1.10 (3.1.10)
)
Driver file for pgf: pgfsys-pdftex.def

(/Library/Application Support/MiKTeX/texmfs/install/tex/generic/pgf/systemlayer
/pgfsys-pdftex.def
File: pgfsys-pdftex.def 2023-01-15 v3.1.10 (3.1.10)

(/Library/Application Support/MiKTeX/texmfs/install/tex/generic/pgf/systemlayer
/pgfsys-common-pdf.def
File: pgfsys-common-pdf.def 2023-01-15 v3.1.10 (3.1.10)
)))
(/Library/Application Support/MiKTeX/texmfs/install/tex/generic/pgf/systemlayer
/pgfsyssoftpath.code.tex
File: pgfsyssoftpath.code.tex 2023-01-15 v3.1.10 (3.1.10)
\pgfsyssoftpath@smallbuffer@items=\count275
\pgfsyssoftpath@bigbuffer@items=\count276
)
(/Library/Application Support/MiKTeX/texmfs/install/tex/generic/pgf/systemlayer
/pgfsysprotocol.code.tex
File: pgfsysprotocol.code.tex 2023-01-15 v3.1.10 (3.1.10)
))
(/Library/Application Support/MiKTeX/texmfs/install/tex/generic/pgf/basiclayer/
pgfcore.code.tex
Package: pgfcore 2023-01-15 v3.1.10 (3.1.10)

(/Library/Application Support/MiKTeX/texmfs/install/tex/generic/pgf/math/pgfmat
h.code.tex
(/Library/Application Support/MiKTeX/texmfs/install/tex/generic/pgf/math/pgfmat
hutil.code.tex)
(/Library/Application Support/MiKTeX/texmfs/install/tex/generic/pgf/math/pgfmat
hparser.code.tex
\pgfmath@dimen=\dimen166
\pgfmath@count=\count277
\pgfmath@box=\box54
\pgfmath@toks=\toks30
\pgfmath@stack@operand=\toks31
\pgfmath@stack@operation=\toks32
)
(/Library/Application Support/MiKTeX/texmfs/install/tex/generic/pgf/math/pgfmat
hfunctions.code.tex)
(/Library/Application Support/MiKTeX/texmfs/install/tex/generic/pgf/math/pgfmat
hfunctions.basic.code.tex)
(/Library/Application Support/MiKTeX/texmfs/install/tex/generic/pgf/math/pgfmat
hfunctions.trigonometric.code.tex)
(/Library/Application Support/MiKTeX/texmfs/install/tex/generic/pgf/math/pgfmat
hfunctions.random.code.tex)
(/Library/Application Support/MiKTeX/texmfs/install/tex/generic/pgf/math/pgfmat
hfunctions.comparison.code.tex)
(/Library/Application Support/MiKTeX/texmfs/install/tex/generic/pgf/math/pgfmat
hfunctions.base.code.tex)
(/Library/Application Support/MiKTeX/texmfs/install/tex/generic/pgf/math/pgfmat
hfunctions.round.code.tex)
(/Library/Application Support/MiKTeX/texmfs/install/tex/generic/pgf/math/pgfmat
hfunctions.misc.code.tex)
(/Library/Application Support/MiKTeX/texmfs/install/tex/generic/pgf/math/pgfmat
hfunctions.integerarithmetics.code.tex)
(/Library/Application Support/MiKTeX/texmfs/install/tex/generic/pgf/math/pgfmat
hcalc.code.tex)
(/Library/Application Support/MiKTeX/texmfs/install/tex/generic/pgf/math/pgfmat
hfloat.code.tex
\c@pgfmathroundto@lastzeros=\count278
))
(/Library/Application Support/MiKTeX/texmfs/install/tex/generic/pgf/math/pgfint
.code.tex)
(/Library/Application Support/MiKTeX/texmfs/install/tex/generic/pgf/basiclayer/
pgfcorepoints.code.tex
File: pgfcorepoints.code.tex 2023-01-15 v3.1.10 (3.1.10)
\pgf@picminx=\dimen167
\pgf@picmaxx=\dimen168
\pgf@picminy=\dimen169
\pgf@picmaxy=\dimen170
\pgf@pathminx=\dimen171
\pgf@pathmaxx=\dimen172
\pgf@pathminy=\dimen173
\pgf@pathmaxy=\dimen174
\pgf@xx=\dimen175
\pgf@xy=\dimen176
\pgf@yx=\dimen177
\pgf@yy=\dimen178
\pgf@zx=\dimen179
\pgf@zy=\dimen180
)
(/Library/Application Support/MiKTeX/texmfs/install/tex/generic/pgf/basiclayer/
pgfcorepathconstruct.code.tex
File: pgfcorepathconstruct.code.tex 2023-01-15 v3.1.10 (3.1.10)
\pgf@path@lastx=\dimen181
\pgf@path@lasty=\dimen182
)
(/Library/Application Support/MiKTeX/texmfs/install/tex/generic/pgf/basiclayer/
pgfcorepathusage.code.tex
File: pgfcorepathusage.code.tex 2023-01-15 v3.1.10 (3.1.10)
\pgf@shorten@end@additional=\dimen183
\pgf@shorten@start@additional=\dimen184
)
(/Library/Application Support/MiKTeX/texmfs/install/tex/generic/pgf/basiclayer/
pgfcorescopes.code.tex
File: pgfcorescopes.code.tex 2023-01-15 v3.1.10 (3.1.10)
\pgfpic=\box55
\pgf@hbox=\box56
\pgf@layerbox@main=\box57
\pgf@picture@serial@count=\count279
)
(/Library/Application Support/MiKTeX/texmfs/install/tex/generic/pgf/basiclayer/
pgfcoregraphicstate.code.tex
File: pgfcoregraphicstate.code.tex 2023-01-15 v3.1.10 (3.1.10)
\pgflinewidth=\dimen185
)
(/Library/Application Support/MiKTeX/texmfs/install/tex/generic/pgf/basiclayer/
pgfcoretransformations.code.tex
File: pgfcoretransformations.code.tex 2023-01-15 v3.1.10 (3.1.10)
\pgf@pt@x=\dimen186
\pgf@pt@y=\dimen187
\pgf@pt@temp=\dimen188
)
(/Library/Application Support/MiKTeX/texmfs/install/tex/generic/pgf/basiclayer/
pgfcorequick.code.tex
File: pgfcorequick.code.tex 2023-01-15 v3.1.10 (3.1.10)
)
(/Library/Application Support/MiKTeX/texmfs/install/tex/generic/pgf/basiclayer/
pgfcoreobjects.code.tex
File: pgfcoreobjects.code.tex 2023-01-15 v3.1.10 (3.1.10)
)
(/Library/Application Support/MiKTeX/texmfs/install/tex/generic/pgf/basiclayer/
pgfcorepathprocessing.code.tex
File: pgfcorepathprocessing.code.tex 2023-01-15 v3.1.10 (3.1.10)
)
(/Library/Application Support/MiKTeX/texmfs/install/tex/generic/pgf/basiclayer/
pgfcorearrows.code.tex
File: pgfcorearrows.code.tex 2023-01-15 v3.1.10 (3.1.10)
\pgfarrowsep=\dimen189
)
(/Library/Application Support/MiKTeX/texmfs/install/tex/generic/pgf/basiclayer/
pgfcoreshade.code.tex
File: pgfcoreshade.code.tex 2023-01-15 v3.1.10 (3.1.10)
\pgf@max=\dimen190
\pgf@sys@shading@range@num=\count280
\pgf@shadingcount=\count281
)
(/Library/Application Support/MiKTeX/texmfs/install/tex/generic/pgf/basiclayer/
pgfcoreimage.code.tex
File: pgfcoreimage.code.tex 2023-01-15 v3.1.10 (3.1.10)
)
(/Library/Application Support/MiKTeX/texmfs/install/tex/generic/pgf/basiclayer/
pgfcoreexternal.code.tex
File: pgfcoreexternal.code.tex 2023-01-15 v3.1.10 (3.1.10)
\pgfexternal@startupbox=\box58
)
(/Library/Application Support/MiKTeX/texmfs/install/tex/generic/pgf/basiclayer/
pgfcorelayers.code.tex
File: pgfcorelayers.code.tex 2023-01-15 v3.1.10 (3.1.10)
)
(/Library/Application Support/MiKTeX/texmfs/install/tex/generic/pgf/basiclayer/
pgfcoretransparency.code.tex
File: pgfcoretransparency.code.tex 2023-01-15 v3.1.10 (3.1.10)
)
(/Library/Application Support/MiKTeX/texmfs/install/tex/generic/pgf/basiclayer/
pgfcorepatterns.code.tex
File: pgfcorepatterns.code.tex 2023-01-15 v3.1.10 (3.1.10)
)
(/Library/Application Support/MiKTeX/texmfs/install/tex/generic/pgf/basiclayer/
pgfcorerdf.code.tex
File: pgfcorerdf.code.tex 2023-01-15 v3.1.10 (3.1.10)
)))
(/Library/Application Support/MiKTeX/texmfs/install/tex/generic/pgf/modules/pgf
moduleshapes.code.tex
File: pgfmoduleshapes.code.tex 2023-01-15 v3.1.10 (3.1.10)
\pgfnodeparttextbox=\box59
)
(/Library/Application Support/MiKTeX/texmfs/install/tex/generic/pgf/modules/pgf
moduleplot.code.tex
File: pgfmoduleplot.code.tex 2023-01-15 v3.1.10 (3.1.10)
)
(/Library/Application Support/MiKTeX/texmfs/install/tex/latex/pgf/compatibility
/pgfcomp-version-0-65.sty
Package: pgfcomp-version-0-65 2023-01-15 v3.1.10 (3.1.10)
\pgf@nodesepstart=\dimen191
\pgf@nodesepend=\dimen192
)
(/Library/Application Support/MiKTeX/texmfs/install/tex/latex/pgf/compatibility
/pgfcomp-version-1-18.sty
Package: pgfcomp-version-1-18 2023-01-15 v3.1.10 (3.1.10)
))
(/Library/Application Support/MiKTeX/texmfs/install/tex/latex/tools/verbatim.st
y
Package: verbatim 2023-11-06 v1.5v LaTeX2e package for verbatim enhancements
\every@verbatim=\toks33
\verbatim@line=\toks34
\verbatim@in@stream=\read4
)
(/Library/Application Support/MiKTeX/texmfs/install/tex/latex/environ/environ.s
ty
Package: environ 2014/05/04 v0.3 A new way to define environments

(/Library/Application Support/MiKTeX/texmfs/install/tex/latex/trimspaces/trimsp
aces.sty
Package: trimspaces 2009/09/17 v1.1 Trim spaces around a token list
)
\@envbody=\toks35
)
(/Library/Application Support/MiKTeX/texmfs/install/tex/latex/etoolbox/etoolbox
.sty
Package: etoolbox 2020/10/05 v2.5k e-TeX tools for LaTeX (JAW)
\etb@tempcnta=\count282
)
\tcb@titlebox=\box60
\tcb@upperbox=\box61
\tcb@lowerbox=\box62
\tcb@phantombox=\box63
\c@tcbbreakpart=\count283
\c@tcblayer=\count284
\c@tcolorbox@number=\count285
\l__tcobox_tmpa_box=\box64
\l__tcobox_tmpa_dim=\dimen193
\tcb@temp=\box65
\tcb@temp=\box66
\tcb@temp=\box67
\tcb@temp=\box68

(/Library/Application Support/MiKTeX/texmfs/install/tex/latex/tcolorbox/tcbrast
er.code.tex
Library (tcolorbox): 'tcbraster.code.tex' version '6.2.0'
\c@tcbrastercolumn=\count286
\c@tcbrasterrow=\count287
\c@tcbrasternum=\count288
\c@tcbraster=\count289
)
(/Library/Application Support/MiKTeX/texmfs/install/tex/latex/tcolorbox/tcbskin
s.code.tex
Library (tcolorbox): 'tcbskins.code.tex' version '6.2.0'

(/Library/Application Support/MiKTeX/texmfs/install/tex/latex/pgf/frontendlayer
/tikz.sty
(/Library/Application Support/MiKTeX/texmfs/install/tex/latex/pgf/utilities/pgf
for.sty
(/Library/Application Support/MiKTeX/texmfs/install/tex/latex/pgf/utilities/pgf
keys.sty
(/Library/Application Support/MiKTeX/texmfs/install/tex/generic/pgf/utilities/p
gfkeys.code.tex))
(/Library/Application Support/MiKTeX/texmfs/install/tex/latex/pgf/math/pgfmath.
sty
(/Library/Application Support/MiKTeX/texmfs/install/tex/generic/pgf/math/pgfmat
h.code.tex))
(/Library/Application Support/MiKTeX/texmfs/install/tex/generic/pgf/utilities/p
gffor.code.tex
Package: pgffor 2023-01-15 v3.1.10 (3.1.10)
\pgffor@iter=\dimen194
\pgffor@skip=\dimen195
\pgffor@stack=\toks36
\pgffor@toks=\toks37
))
(/Library/Application Support/MiKTeX/texmfs/install/tex/generic/pgf/frontendlay
er/tikz/tikz.code.tex
Package: tikz 2023-01-15 v3.1.10 (3.1.10)

(/Library/Application Support/MiKTeX/texmfs/install/tex/generic/pgf/libraries/p
gflibraryplothandlers.code.tex
File: pgflibraryplothandlers.code.tex 2023-01-15 v3.1.10 (3.1.10)
\pgf@plot@mark@count=\count290
\pgfplotmarksize=\dimen196
)
\tikz@lastx=\dimen197
\tikz@lasty=\dimen198
\tikz@lastxsaved=\dimen199
\tikz@lastysaved=\dimen256
\tikz@lastmovetox=\dimen257
\tikz@lastmovetoy=\dimen258
\tikzleveldistance=\dimen259
\tikzsiblingdistance=\dimen260
\tikz@figbox=\box69
\tikz@figbox@bg=\box70
\tikz@tempbox=\box71
\tikz@tempbox@bg=\box72
\tikztreelevel=\count291
\tikznumberofchildren=\count292
\tikznumberofcurrentchild=\count293
\tikz@fig@count=\count294

(/Library/Application Support/MiKTeX/texmfs/install/tex/generic/pgf/modules/pgf
modulematrix.code.tex
File: pgfmodulematrix.code.tex 2023-01-15 v3.1.10 (3.1.10)
\pgfmatrixcurrentrow=\count295
\pgfmatrixcurrentcolumn=\count296
\pgf@matrix@numberofcolumns=\count297
)
\tikz@expandcount=\count298

(/Library/Application Support/MiKTeX/texmfs/install/tex/generic/pgf/frontendlay
er/tikz/libraries/tikzlibrarytopaths.code.tex
File: tikzlibrarytopaths.code.tex 2023-01-15 v3.1.10 (3.1.10)
)))
(/Users/chuksokoli/Library/Application Support/MiKTeX/texmfs/install/tex/latex/
tikzfill/tikzfill.image.sty
Package: tikzfill.image 2023/08/08 v1.0.1 Image filling library for TikZ

(/Users/chuksokoli/Library/Application Support/MiKTeX/texmfs/install/tex/latex/
tikzfill/tikzfill-common.sty
Package: tikzfill-common 2023/08/08 v1.0.1 Auxiliary code for tikzfill
)
(/Users/chuksokoli/Library/Application Support/MiKTeX/texmfs/install/tex/latex/
tikzfill/tikzlibraryfill.image.code.tex
File: tikzlibraryfill.image.code.tex 2023/08/08 v1.0.1 Image filling library
\l__tikzfill_img_box=\box73
))
(/Library/Application Support/MiKTeX/texmfs/install/tex/latex/tcolorbox/tcbskin
sjigsaw.code.tex
Library (tcolorbox): 'tcbskinsjigsaw.code.tex' version '6.2.0'
))
(/Library/Application Support/MiKTeX/texmfs/install/tex/latex/tcolorbox/tcbbrea
kable.code.tex
Library (tcolorbox): 'tcbbreakable.code.tex' version '6.2.0'

(/Users/chuksokoli/Library/Application Support/MiKTeX/texmfs/install/tex/latex/
pdfcol/pdfcol.sty
Package: pdfcol 2022-09-21 v1.7 Handle new color stacks for pdfTeX (HO)

(/Users/chuksokoli/Library/Application Support/MiKTeX/texmfs/install/tex/generi
c/ltxcmds/ltxcmds.sty
Package: ltxcmds 2020-05-10 v1.25 LaTeX kernel commands for general use (HO)
)
(/Users/chuksokoli/Library/Application Support/MiKTeX/texmfs/install/tex/generi
c/infwarerr/infwarerr.sty
Package: infwarerr 2019/12/03 v1.5 Providing info/warning/error messages (HO)
))
Package pdfcol Info: New color stack `tcb@breakable' = 1 on input line 23.
\tcb@testbox=\box74
\tcb@totalupperbox=\box75
\tcb@totallowerbox=\box76
)
(/Library/Application Support/MiKTeX/texmfs/install/tex/latex/tcolorbox/tcbhook
s.code.tex
Library (tcolorbox): 'tcbhooks.code.tex' version '6.2.0'
)
(/Library/Application Support/MiKTeX/texmfs/install/tex/latex/tcolorbox/tcbtheo
rems.code.tex
Library (tcolorbox): 'tcbtheorems.code.tex' version '6.2.0'

(/Library/Application Support/MiKTeX/texmfs/install/tex/latex/amsmath/amsmath.s
ty
Package: amsmath 2023/05/13 v2.17o AMS math features
\@mathmargin=\skip53

For additional information on amsmath, use the `?' option.

(/Library/Application Support/MiKTeX/texmfs/install/tex/latex/amsmath/amstext.s
ty
Package: amstext 2021/08/26 v2.01 AMS text

(/Library/Application Support/MiKTeX/texmfs/install/tex/latex/amsmath/amsgen.st
y
File: amsgen.sty 1999/11/30 v2.0 generic functions
\@emptytoks=\toks38
\ex@=\dimen261
))
(/Library/Application Support/MiKTeX/texmfs/install/tex/latex/amsmath/amsbsy.st
y
Package: amsbsy 1999/11/29 v1.2d Bold Symbols
\pmbraise@=\dimen262
)
(/Library/Application Support/MiKTeX/texmfs/install/tex/latex/amsmath/amsopn.st
y
Package: amsopn 2022/04/08 v2.04 operator names
)
\inf@bad=\count299
LaTeX Info: Redefining \frac on input line 234.
\uproot@=\count300
\leftroot@=\count301
LaTeX Info: Redefining \overline on input line 399.
LaTeX Info: Redefining \colon on input line 410.
\classnum@=\count302
\DOTSCASE@=\count303
LaTeX Info: Redefining \ldots on input line 496.
LaTeX Info: Redefining \dots on input line 499.
LaTeX Info: Redefining \cdots on input line 620.
\Mathstrutbox@=\box77
\strutbox@=\box78
LaTeX Info: Redefining \big on input line 722.
LaTeX Info: Redefining \Big on input line 723.
LaTeX Info: Redefining \bigg on input line 724.
LaTeX Info: Redefining \Bigg on input line 725.
\big@size=\dimen263
LaTeX Font Info:    Redeclaring font encoding OML on input line 743.
LaTeX Font Info:    Redeclaring font encoding OMS on input line 744.
\macc@depth=\count304
LaTeX Info: Redefining \bmod on input line 905.
LaTeX Info: Redefining \pmod on input line 910.
LaTeX Info: Redefining \smash on input line 940.
LaTeX Info: Redefining \relbar on input line 970.
LaTeX Info: Redefining \Relbar on input line 971.
\c@MaxMatrixCols=\count305
\dotsspace@=\muskip16
\c@parentequation=\count306
\dspbrk@lvl=\count307
\tag@help=\toks39
\row@=\count308
\column@=\count309
\maxfields@=\count310
\andhelp@=\toks40
\eqnshift@=\dimen264
\alignsep@=\dimen265
\tagshift@=\dimen266
\tagwidth@=\dimen267
\totwidth@=\dimen268
\lineht@=\dimen269
\@envbody=\toks41
\multlinegap=\skip54
\multlinetaggap=\skip55
\mathdisplay@stack=\toks42
LaTeX Info: Redefining \[ on input line 2953.
LaTeX Info: Redefining \] on input line 2954.
))
(/Library/Application Support/MiKTeX/texmfs/install/tex/latex/tcolorbox/tcbfitt
ing.code.tex
Library (tcolorbox): 'tcbfitting.code.tex' version '6.2.0'
\tcbfitdim=\dimen270
\tcb@lowerfitdim=\dimen271
\tcb@upperfitdim=\dimen272
\tcb@cur@hbadness=\count311
)
(/Library/Application Support/MiKTeX/texmfs/install/tex/latex/tcolorbox/tcblist
ingsutf8.code.tex
Library (tcolorbox): 'tcblistingsutf8.code.tex' version '6.2.0'

(/Library/Application Support/MiKTeX/texmfs/install/tex/latex/tcolorbox/tcblist
ings.code.tex
Library (tcolorbox): 'tcblistings.code.tex' version '6.2.0'

(/Library/Application Support/MiKTeX/texmfs/install/tex/latex/listings/listings
.sty
\lst@mode=\count312
\lst@gtempboxa=\box79
\lst@token=\toks43
\lst@length=\count313
\lst@currlwidth=\dimen273
\lst@column=\count314
\lst@pos=\count315
\lst@lostspace=\dimen274
\lst@width=\dimen275
\lst@newlines=\count316
\lst@lineno=\count317
\lst@maxwidth=\dimen276

(/Library/Application Support/MiKTeX/texmfs/install/tex/latex/listings/lstpatch
.sty
File: lstpatch.sty 2024/03/11 1.10a (Carsten Heinz)
)
(/Library/Application Support/MiKTeX/texmfs/install/tex/latex/listings/lstmisc.
sty
File: lstmisc.sty 2024/03/11 1.10a (Carsten Heinz)
\c@lstnumber=\count318
\lst@skipnumbers=\count319
\lst@framebox=\box80
)
(/Library/Application Support/MiKTeX/texmfs/install/tex/latex/listings/listings
.cfg
File: listings.cfg 2024/03/11 1.10a listings configuration
))
Package: listings 2024/03/11 1.10a (Carsten Heinz)

(/Library/Application Support/MiKTeX/texmfs/install/tex/latex/tcolorbox/tcblist
ingscore.code.tex
Library (tcolorbox): 'tcblistingscore.code.tex' version '6.2.0'

(/Library/Application Support/MiKTeX/texmfs/install/tex/latex/tcolorbox/tcbproc
essing.code.tex
Library (tcolorbox): 'tcbprocessing.code.tex' version '6.2.0'
)
\c@tcblisting=\count320
))
(/Users/chuksokoli/Library/Application Support/MiKTeX/texmfs/install/tex/latex/
listingsutf8/listingsutf8.sty
Package: listingsutf8 2019-12-10 v1.5 Allow UTF-8 in listings input (HO)

(/Library/Application Support/MiKTeX/texmfs/install/tex/generic/pdftexcmds/pdft
excmds.sty
Package: pdftexcmds 2020-06-27 v0.33 Utility functions of pdfTeX for LuaTeX (HO
)
Package pdftexcmds Info: \pdf@primitive is available.
Package pdftexcmds Info: \pdf@ifprimitive is available.
Package pdftexcmds Info: \pdfdraftmode found.
)
(/Users/chuksokoli/Library/Application Support/MiKTeX/texmfs/install/tex/generi
c/stringenc/stringenc.sty
Package: stringenc 2019/11/29 v1.12 Convert strings between diff. encodings (HO
)

(/Users/chuksokoli/Library/Application Support/MiKTeX/texmfs/install/tex/generi
c/pdfescape/pdfescape.sty
Package: pdfescape 2019/12/09 v1.15 Implements pdfTeX's escape features (HO)
))))
(/Library/Application Support/MiKTeX/texmfs/install/tex/latex/tcolorbox/tcbexte
rnal.code.tex
Library (tcolorbox): 'tcbexternal.code.tex' version '6.2.0'
)
(/Library/Application Support/MiKTeX/texmfs/install/tex/latex/tcolorbox/tcbmaga
zine.code.tex
Library (tcolorbox): 'tcbmagazine.code.tex' version '6.2.0'
)
(/Library/Application Support/MiKTeX/texmfs/install/tex/latex/tcolorbox/tcbvign
ette.code.tex
Library (tcolorbox): 'tcbvignette.code.tex' version '6.2.0'

(/Library/Application Support/MiKTeX/texmfs/install/tex/generic/pgf/frontendlay
er/tikz/libraries/tikzlibraryfadings.code.tex
File: tikzlibraryfadings.code.tex 2023-01-15 v3.1.10 (3.1.10)

(/Library/Application Support/MiKTeX/texmfs/install/tex/generic/pgf/libraries/p
gflibraryfadings.code.tex
File: pgflibraryfadings.code.tex 2023-01-15 v3.1.10 (3.1.10)
)))
(/Library/Application Support/MiKTeX/texmfs/install/tex/latex/tcolorbox/tcbpost
er.code.tex
Library (tcolorbox): 'tcbposter.code.tex' version '6.2.0'
))
(/Users/chuksokoli/Library/Application Support/MiKTeX/texmfs/install/tex/latex/
natbib/natbib.sty
Package: natbib 2010/09/13 8.31b (PWD, AO)
\bibhang=\skip56
\bibsep=\skip57
LaTeX Info: Redefining \cite on input line 694.
\c@NAT@ctr=\count321
)
(/Users/chuksokoli/Library/Application Support/MiKTeX/texmfs/install/tex/latex/
appendix/appendix.sty
Package: appendix 2020/02/08 v1.2c extra appendix facilities
\c@@pps=\count322
\c@@ppsavesec=\count323
\c@@ppsaveapp=\count324
)
(/Users/chuksokoli/Library/Application Support/MiKTeX/texmfs/install/tex/latex/
marginnote/marginnote.sty
Package: marginnote 2018/08/09 1.4b non floating margin notes for LaTeX
\c@mn@abspage=\count325
)
(/Users/chuksokoli/Library/Application Support/MiKTeX/texmfs/install/tex/latex/
lettrine/lettrine.sty
File: lettrine.sty 2024-01-20 v2.60 (Daniel Flipo)

(/Library/Application Support/MiKTeX/texmfs/install/tex/latex/l3packages/xfp/xf
p.sty
(/Library/Application Support/MiKTeX/texmfs/install/tex/latex/l3kernel/expl3.st
y
Package: expl3 2024-04-11 L3 programming layer (loader) 

(/Library/Application Support/MiKTeX/texmfs/install/tex/latex/l3backend/l3backe
nd-pdftex.def
File: l3backend-pdftex.def 2024-04-11 L3 backend support: PDF output (pdfTeX)
\l__color_backend_stack_int=\count326
\l__pdf_internal_box=\box81
))
Package: xfp 2024-03-14 L3 Floating point unit
)
\c@DefaultLines=\count327
\c@DefaultDepth=\count328
\DefaultFindent=\dimen277
\DefaultNindent=\dimen278
\DefaultSlope=\dimen279
\DiscardVskip=\dimen280
\L@lettrine=\box82
\L@lbox=\box83
\L@tbox=\box84
\c@L@lines=\count329
\c@L@depth=\count330
\L@Pindent=\dimen281
\L@Findent=\dimen282
\L@Nindent=\dimen283
\L@lraise=\dimen284
\L@first=\dimen285
\L@next=\dimen286
\L@slope=\dimen287
\L@height=\dimen288
\L@novskip=\dimen289
\L@ruleht=\dimen290
\L@target@ht=\dimen291
\L@target@dp=\dimen292
\L@target@tht=\dimen293
\LettrineWidth=\dimen294
\LettrineHeight=\dimen295
\LettrineDepth=\dimen296

Loading lettrine.cfg

(/Users/chuksokoli/Library/Application Support/MiKTeX/texmfs/install/tex/latex/
lettrine/lettrine.cfg)
\Llist@everypar=\toks44
)
(/Users/chuksokoli/Library/Application Support/MiKTeX/texmfs/install/tex/latex/
changepage/changepage.sty
Package: changepage 2009/10/20 v1.0c check page and change page layout
\c@cp@cntr=\count331
\cp@tempcnt=\count332
)
(/Users/chuksokoli/Library/Application Support/MiKTeX/texmfs/install/tex/latex/
enumitem/enumitem.sty
Package: enumitem 2019/06/20 v3.9 Customized lists
\labelindent=\skip58
\enit@outerparindent=\dimen297
\enit@toks=\toks45
\enit@inbox=\box85
\enit@count@id=\count333
\enitdp@description=\count334
)
(/Users/chuksokoli/Library/Application Support/MiKTeX/texmfs/install/tex/latex/
psnfss/courier.sty
Package: courier 2020/03/25 PSNFSS-v9.3 (WaS) 
)
(/Users/chuksokoli/Library/Application Support/MiKTeX/texmfs/install/tex/latex/
relsize/relsize.sty
Package: relsize 2013/03/29 ver 4.1
)
(/Users/chuksokoli/Library/Application Support/MiKTeX/texmfs/install/tex/latex/
xstring/xstring.sty
(/Users/chuksokoli/Library/Application Support/MiKTeX/texmfs/install/tex/generi
c/xstring/xstring.tex
\xs_counta=\count335
\xs_countb=\count336
)
Package: xstring 2023/08/22 v1.86 String manipulations (CT)
)
(/Users/chuksokoli/Library/Application Support/MiKTeX/texmfs/install/tex/latex/
wrapfig/wrapfig.sty
\wrapoverhang=\dimen298
\WF@size=\dimen299
\c@WF@wrappedlines=\count337
\WF@box=\box86
\WF@everypar=\toks46
Package: wrapfig 2003/01/31  v 3.6
)
(/Users/chuksokoli/Library/Application Support/MiKTeX/texmfs/install/tex/latex/
multirow/multirow.sty
Package: multirow 2021/03/15 v2.8 Span multiple rows of a table
\multirow@colwidth=\skip59
\multirow@cntb=\count338
\multirow@dima=\skip60
\bigstrutjot=\dimen300
)
(/Users/chuksokoli/Library/Application Support/MiKTeX/texmfs/install/tex/latex/
caption/subcaption.sty
Package: subcaption 2023/02/19 v1.6 Sub-captions (AR)

(/Users/chuksokoli/Library/Application Support/MiKTeX/texmfs/install/tex/latex/
caption/caption.sty
Package: caption 2023/03/12 v3.6j Customizing captions (AR)

(/Users/chuksokoli/Library/Application Support/MiKTeX/texmfs/install/tex/latex/
caption/caption3.sty
Package: caption3 2023/03/12 v2.4 caption3 kernel (AR)
\caption@tempdima=\dimen301
\captionmargin=\dimen302
\caption@leftmargin=\dimen303
\caption@rightmargin=\dimen304
\caption@width=\dimen305
\caption@indent=\dimen306
\caption@parindent=\dimen307
\caption@hangindent=\dimen308
Package caption Info: Standard document class detected.
)
\c@caption@flags=\count339
\c@continuedfloat=\count340
Package caption Info: changepage package is loaded.
\caption@adjustwidth@hsize=\dimen309
\caption@adjustwidth@linewidth=\dimen310
Package caption Info: listings package is loaded.
Package caption Info: wrapfig package is loaded.
)
Package caption Info: New subtype `subfigure' on input line 239.
\c@subfigure=\count341
Package caption Info: New subtype `subtable' on input line 239.
\c@subtable=\count342
)
(/Users/chuksokoli/Library/Application Support/MiKTeX/texmfs/install/tex/latex/
float/float.sty
Package: float 2001/11/08 v1.3d Float enhancements (AL)
\c@float@type=\count343
\float@exts=\toks47
\float@box=\box87
\@float@everytoks=\toks48
\@floatcapt=\box88
)
(/Users/chuksokoli/Library/Application Support/MiKTeX/texmfs/install/tex/latex/
fancyhdr/fancyhdr.sty
Package: fancyhdr 2022/11/09 v4.1 Extensive control of page headers and footers

\f@nch@headwidth=\skip61
\f@nch@O@elh=\skip62
\f@nch@O@erh=\skip63
\f@nch@O@olh=\skip64
\f@nch@O@orh=\skip65
\f@nch@O@elf=\skip66
\f@nch@O@erf=\skip67
\f@nch@O@olf=\skip68
\f@nch@O@orf=\skip69
)
(/Users/chuksokoli/Library/Application Support/MiKTeX/texmfs/install/tex/latex/
abstract/abstract.sty
Package: abstract 2009/06/08 v1.2a configurable abstracts
\abstitleskip=\skip70
\absleftindent=\skip71
\absrightindent=\skip72
\absparindent=\skip73
\absparsep=\skip74
)
(/Users/chuksokoli/Library/Application Support/MiKTeX/texmfs/install/tex/latex/
titlesec/titlesec.sty
Package: titlesec 2021/07/05 v2.14 Sectioning titles
\ttl@box=\box89
\beforetitleunit=\skip75
\aftertitleunit=\skip76
\ttl@plus=\dimen311
\ttl@minus=\dimen312
\ttl@toksa=\toks49
\titlewidth=\dimen313
\titlewidthlast=\dimen314
\titlewidthfirst=\dimen315
)
(/Users/chuksokoli/Library/Application Support/MiKTeX/texmfs/install/tex/latex/
setspace/setspace.sty
Package: setspace 2022/12/04 v6.7b set line spacing
)
(/Users/chuksokoli/Library/Application Support/MiKTeX/texmfs/install/tex/latex/
footmisc/footmisc.sty
Package: footmisc 2023/07/05 v6.0f a miscellany of footnote facilities
\FN@temptoken=\toks50
\footnotemargin=\dimen316
\@outputbox@depth=\dimen317
Package footmisc Info: Declaring symbol style bringhurst on input line 696.
Package footmisc Info: Declaring symbol style chicago on input line 704.
Package footmisc Info: Declaring symbol style wiley on input line 713.
Package footmisc Info: Declaring symbol style lamport-robust on input line 724.

Package footmisc Info: Declaring symbol style lamport* on input line 744.
Package footmisc Info: Declaring symbol style lamport*-robust on input line 765
.
)
(/Users/chuksokoli/Library/Application Support/MiKTeX/texmfs/install/tex/latex/
parskip/parskip.sty
Package: parskip 2021-03-14 v2.0h non-zero parskip adjustments

(/Users/chuksokoli/Library/Application Support/MiKTeX/texmfs/install/tex/latex/
kvoptions/kvoptions.sty
Package: kvoptions 2022-06-15 v3.15 Key value format for package options (HO)

(/Users/chuksokoli/Library/Application Support/MiKTeX/texmfs/install/tex/latex/
kvsetkeys/kvsetkeys.sty
Package: kvsetkeys 2022-10-05 v1.19 Key value parser (HO)
)))
(/Users/chuksokoli/Library/Application Support/MiKTeX/texmfs/install/tex/latex/
imakeidx/imakeidx.sty
Package: imakeidx 2016/10/15 v1.3e Package for typesetting indices in a synchro
nous mode

(/Library/Application Support/MiKTeX/texmfs/install/tex/latex/xkeyval/xkeyval.s
ty
Package: xkeyval 2022/06/16 v2.9 package option processing (HA)

(/Library/Application Support/MiKTeX/texmfs/install/tex/generic/xkeyval/xkeyval
.tex
(/Library/Application Support/MiKTeX/texmfs/install/tex/generic/xkeyval/xkvutil
s.tex
\XKV@toks=\toks51
\XKV@tempa@toks=\toks52
)
\XKV@depth=\count344
File: xkeyval.tex 2014/12/03 v2.7a key=value parser (HA)
))
(/Library/Application Support/MiKTeX/texmfs/install/tex/generic/iftex/ifxetex.s
ty
Package: ifxetex 2019/10/25 v0.7 ifxetex legacy package. Use iftex instead.
)
(/Library/Application Support/MiKTeX/texmfs/install/tex/generic/iftex/ifluatex.
sty
Package: ifluatex 2019/10/25 v1.5 ifluatex legacy package. Use iftex instead.
)
(/Library/Application Support/MiKTeX/texmfs/install/tex/latex/tools/multicol.st
y
Package: multicol 2023/03/30 v1.9f multicolumn formatting (FMi)
\c@tracingmulticols=\count345
\mult@box=\box90
\multicol@leftmargin=\dimen318
\c@unbalance=\count346
\c@collectmore=\count347
\doublecol@number=\count348
\multicoltolerance=\count349
\multicolpretolerance=\count350
\full@width=\dimen319
\page@free=\dimen320
\premulticols=\dimen321
\postmulticols=\dimen322
\multicolsep=\skip77
\multicolbaselineskip=\skip78
\partial@page=\box91
\last@line=\box92
\mc@boxedresult=\box93
\maxbalancingoverflow=\dimen323
\mult@rightbox=\box94
\mult@grightbox=\box95
\mult@firstbox=\box96
\mult@gfirstbox=\box97
\@tempa=\box98
\@tempa=\box99
\@tempa=\box100
\@tempa=\box101
\@tempa=\box102
\@tempa=\box103
\@tempa=\box104
\@tempa=\box105
\@tempa=\box106
\@tempa=\box107
\@tempa=\box108
\@tempa=\box109
\@tempa=\box110
\@tempa=\box111
\@tempa=\box112
\@tempa=\box113
\@tempa=\box114
\@tempa=\box115
\@tempa=\box116
\@tempa=\box117
\@tempa=\box118
\@tempa=\box119
\@tempa=\box120
\@tempa=\box121
\@tempa=\box122
\@tempa=\box123
\@tempa=\box124
\@tempa=\box125
\@tempa=\box126
\@tempa=\box127
\@tempa=\box128
\@tempa=\box129
\@tempa=\box130
\@tempa=\box131
\@tempa=\box132
\@tempa=\box133
\c@minrows=\count351
\c@columnbadness=\count352
\c@finalcolumnbadness=\count353
\last@try=\dimen324
\multicolovershoot=\dimen325
\multicolundershoot=\dimen326
\mult@nat@firstbox=\box134
\colbreak@box=\box135
\mc@col@check@num=\count354
))
(/Users/chuksokoli/Library/Application Support/MiKTeX/texmfs/install/tex/latex/
footnotebackref/footnotebackref.sty
Package: footnotebackref 2012/07/01 v1.0 Backreferences for footnotes (Holger L
ange)

(/Users/chuksokoli/Library/Application Support/MiKTeX/texmfs/install/tex/latex/
letltxmacro/letltxmacro.sty
Package: letltxmacro 2019/12/03 v1.6 Let assignment for LaTeX macros (HO)
)
(/Library/Application Support/MiKTeX/texmfs/install/tex/latex/hyperref/hyperref
.sty
Package: hyperref 2024-01-20 v7.01h Hypertext links for LaTeX

(/Users/chuksokoli/Library/Application Support/MiKTeX/texmfs/install/tex/generi
c/kvdefinekeys/kvdefinekeys.sty
Package: kvdefinekeys 2019-12-19 v1.6 Define keys (HO)
)
(/Users/chuksokoli/Library/Application Support/MiKTeX/texmfs/install/tex/latex/
hycolor/hycolor.sty
Package: hycolor 2020-01-27 v1.10 Color options for hyperref/bookmark (HO)
)
(/Users/chuksokoli/Library/Application Support/MiKTeX/texmfs/install/tex/latex/
auxhook/auxhook.sty
Package: auxhook 2019-12-17 v1.6 Hooks for auxiliary files (HO)
)
(/Library/Application Support/MiKTeX/texmfs/install/tex/latex/hyperref/nameref.
sty
Package: nameref 2023-11-26 v2.56 Cross-referencing by name of section

(/Users/chuksokoli/Library/Application Support/MiKTeX/texmfs/install/tex/latex/
refcount/refcount.sty
Package: refcount 2019/12/15 v3.6 Data extraction from label references (HO)
)
(/Users/chuksokoli/Library/Application Support/MiKTeX/texmfs/install/tex/generi
c/gettitlestring/gettitlestring.sty
Package: gettitlestring 2019/12/15 v1.6 Cleanup title references (HO)
)
\c@section@level=\count355
)
\@linkdim=\dimen327
\Hy@linkcounter=\count356
\Hy@pagecounter=\count357

(/Library/Application Support/MiKTeX/texmfs/install/tex/latex/hyperref/pd1enc.d
ef
File: pd1enc.def 2024-01-20 v7.01h Hyperref: PDFDocEncoding definition (HO)
Now handling font encoding PD1 ...
... no UTF-8 mapping file for font encoding PD1
)
(/Users/chuksokoli/Library/Application Support/MiKTeX/texmfs/install/tex/generi
c/intcalc/intcalc.sty
Package: intcalc 2019/12/15 v1.3 Expandable calculations with integers (HO)
)
\Hy@SavedSpaceFactor=\count358

(/Library/Application Support/MiKTeX/texmfs/install/tex/latex/hyperref/puenc.de
f
File: puenc.def 2024-01-20 v7.01h Hyperref: PDF Unicode definition (HO)
Now handling font encoding PU ...
... no UTF-8 mapping file for font encoding PU
)
Package hyperref Info: Hyper figures OFF on input line 4179.
Package hyperref Info: Link nesting OFF on input line 4184.
Package hyperref Info: Hyper index ON on input line 4187.
Package hyperref Info: Plain pages OFF on input line 4194.
Package hyperref Info: Backreferencing OFF on input line 4199.
Package hyperref Info: Implicit mode ON; LaTeX internals redefined.
Package hyperref Info: Bookmarks ON on input line 4446.
\c@Hy@tempcnt=\count359
 (/Library/Application Support/MiKTeX/texmfs/install/tex/latex/url/url.sty
\Urlmuskip=\muskip17
Package: url 2013/09/16  ver 3.4  Verb mode for urls, etc.
)
LaTeX Info: Redefining \url on input line 4784.
\XeTeXLinkMargin=\dimen328

(/Users/chuksokoli/Library/Application Support/MiKTeX/texmfs/install/tex/generi
c/bitset/bitset.sty
Package: bitset 2019/12/09 v1.3 Handle bit-vector datatype (HO)

(/Users/chuksokoli/Library/Application Support/MiKTeX/texmfs/install/tex/generi
c/bigintcalc/bigintcalc.sty
Package: bigintcalc 2019/12/15 v1.5 Expandable calculations on big integers (HO
)
))
\Fld@menulength=\count360
\Field@Width=\dimen329
\Fld@charsize=\dimen330
Package hyperref Info: Hyper figures OFF on input line 6063.
Package hyperref Info: Link nesting OFF on input line 6068.
Package hyperref Info: Hyper index ON on input line 6071.
Package hyperref Info: backreferencing OFF on input line 6078.
Package hyperref Info: Link coloring OFF on input line 6083.
Package hyperref Info: Link coloring with OCG OFF on input line 6088.
Package hyperref Info: PDF/A mode OFF on input line 6093.

(/Library/Application Support/MiKTeX/texmfs/install/tex/latex/base/atbegshi-ltx
.sty
Package: atbegshi-ltx 2021/01/10 v1.0c Emulation of the original atbegshi
package with kernel methods
)
\Hy@abspage=\count361
\c@Item=\count362
\c@Hfootnote=\count363
)
Package hyperref Info: Driver (autodetected): hpdftex.

(/Library/Application Support/MiKTeX/texmfs/install/tex/latex/hyperref/hpdftex.
def
File: hpdftex.def 2024-01-20 v7.01h Hyperref driver for pdfTeX

(/Library/Application Support/MiKTeX/texmfs/install/tex/latex/base/atveryend-lt
x.sty
Package: atveryend-ltx 2020/08/19 v1.0a Emulation of the original atveryend pac
kage
with kernel methods
)
\Fld@listcount=\count364
\c@bookmark@seq@number=\count365

(/Users/chuksokoli/Library/Application Support/MiKTeX/texmfs/install/tex/latex/
rerunfilecheck/rerunfilecheck.sty
Package: rerunfilecheck 2022-07-10 v1.10 Rerun checks for auxiliary files (HO)

(/Users/chuksokoli/Library/Application Support/MiKTeX/texmfs/install/tex/generi
c/uniquecounter/uniquecounter.sty
Package: uniquecounter 2019/12/15 v1.4 Provide unlimited unique counter (HO)
)
Package uniquecounter Info: New unique counter `rerunfilecheck' on input line 2
85.
)
\Hy@SectionHShift=\skip79
)
\c@BackrefHyperFootnoteCounter=\count366
)
(/Users/chuksokoli/Library/Application Support/MiKTeX/texmfs/install/tex/latex/
bookmark/bookmark.sty
Package: bookmark 2020-11-06 v1.29 PDF bookmarks (HO)

(/Users/chuksokoli/Library/Application Support/MiKTeX/texmfs/install/tex/latex/
bookmark/bkm-pdftex.def
File: bkm-pdftex.def 2020-11-06 v1.29 bookmark driver for pdfTeX (HO)
\BKM@id=\count367
))
(/Users/chuksokoli/Library/Application Support/MiKTeX/texmfs/install/tex/latex/
tikzsymbols/tikzsymbols.sty
(/Library/Application Support/MiKTeX/texmfs/install/tex/latex/l3packages/xparse
/xparse.sty
Package: xparse 2024-03-14 L3 Experimental document command parser
)
Package: tikzsymbols 2021/12/14 v4.12a Some symbols created using tikz and LaTe
X3.

(/Library/Application Support/MiKTeX/texmfs/install/tex/latex/tools/xspace.sty
Package: xspace 2014/10/28 v1.13 Space after command names (DPC,MH)
)
(/Library/Application Support/MiKTeX/texmfs/install/tex/latex/l3packages/l3keys
2e/l3keys2e.sty
Package: l3keys2e 2024-03-14 LaTeX2e option processing using LaTeX3 keys
)
(/Library/Application Support/MiKTeX/texmfs/install/tex/generic/pgf/frontendlay
er/tikz/libraries/tikzlibraryarrows.code.tex
File: tikzlibraryarrows.code.tex 2023-01-15 v3.1.10 (3.1.10)

(/Library/Application Support/MiKTeX/texmfs/install/tex/generic/pgf/libraries/p
gflibraryarrows.code.tex
File: pgflibraryarrows.code.tex 2023-01-15 v3.1.10 (3.1.10)
\arrowsize=\dimen331
))
(/Library/Application Support/MiKTeX/texmfs/install/tex/generic/pgf/frontendlay
er/tikz/libraries/tikzlibrarydecorations.pathmorphing.code.tex
(/Library/Application Support/MiKTeX/texmfs/install/tex/generic/pgf/frontendlay
er/tikz/libraries/tikzlibrarydecorations.code.tex
(/Library/Application Support/MiKTeX/texmfs/install/tex/generic/pgf/modules/pgf
moduledecorations.code.tex
\pgfdecoratedcompleteddistance=\dimen332
\pgfdecoratedremainingdistance=\dimen333
\pgfdecoratedinputsegmentcompleteddistance=\dimen334
\pgfdecoratedinputsegmentremainingdistance=\dimen335
\pgf@decorate@distancetomove=\dimen336
\pgf@decorate@repeatstate=\count368
\pgfdecorationsegmentamplitude=\dimen337
\pgfdecorationsegmentlength=\dimen338
)
\tikz@lib@dec@box=\box136
)
(/Library/Application Support/MiKTeX/texmfs/install/tex/generic/pgf/libraries/d
ecorations/pgflibrarydecorations.pathmorphing.code.tex))
(/Library/Application Support/MiKTeX/texmfs/install/tex/generic/pgf/frontendlay
er/tikz/libraries/tikzlibrarytrees.code.tex
File: tikzlibrarytrees.code.tex 2023-01-15 v3.1.10 (3.1.10)
)
\l__tikzsymbols_Moai_thickness_dim=\dimen339
\l__tikzsymbols_Kochtopf_nr_arguments_int=\count369
\l__tikzsymbols_Bratpfanne_nr_arguments_int=\count370
\l__tikzsymbols_Schneebesen_nr_arguments_int=\count371
\l__tikzsymbols_Sieb_nr_arguments_int=\count372
\l__tikzsymbols_Purierstab_nr_arguments_int=\count373
\l__tikzsymbols_Dreizack_nr_arguments_int=\count374
\l__tikzsymbols_Backblech_nr_arguments_int=\count375
\l__tikzsymbols_Ofen_nr_arguments_int=\count376
\l__tikzsymbols_Pfanne_nr_arguments_int=\count377
\l__tikzsymbols_Herd_nr_arguments_int=\count378
\l__tikzsymbols_Saftpresse_nr_arguments_int=\count379
\l__tikzsymbols_Schussel_nr_arguments_int=\count380
\l__tikzsymbols_Schaler_nr_arguments_int=\count381
\l__tikzsymbols_Reibe_nr_arguments_int=\count382
\l__tikzsymbols_Flasche_nr_arguments_int=\count383
\l__tikzsymbols_Nudelholz_nr_arguments_int=\count384
\l__tikzsymbols_Knoblauchpresse_nr_arguments_int=\count385
\l__tikzsymbols_Sadey_nr_arguments_int=\count386
\l__tikzsymbols_dSadey_nr_arguments_int=\count387
\l__tikzsymbols_Changey_nr_arguments_int=\count388
\l__tikzsymbols_dChangey_nr_arguments_int=\count389
\l__tikzsymbols_cChangey_nr_arguments_int=\count390
\l__tikzsymbols_dcChangey_nr_arguments_int=\count391
\l__tikzsymbols_Annoey_nr_arguments_int=\count392
\l__tikzsymbols_dAnnoey_nr_arguments_int=\count393
\l__tikzsymbols_Smiley_nr_arguments_int=\count394
\l__tikzsymbols_dSmiley_nr_arguments_int=\count395
\l__tikzsymbols_Laughey_nr_arguments_int=\count396
\l__tikzsymbols_dLaughey_nr_arguments_int=\count397
\l__tikzsymbols_Neutrey_nr_arguments_int=\count398
\l__tikzsymbols_dNeutrey_nr_arguments_int=\count399
\l__tikzsymbols_Winkey_nr_arguments_int=\count400
\l__tikzsymbols_oldWinkey_nr_arguments_int=\count401
\l__tikzsymbols_dWinkey_nr_arguments_int=\count402
\l__tikzsymbols_olddWinkey_nr_arguments_int=\count403
\l__tikzsymbols_Sey_nr_arguments_int=\count404
\l__tikzsymbols_dSey_nr_arguments_int=\count405
\l__tikzsymbols_Xey_nr_arguments_int=\count406
\l__tikzsymbols_dXey_nr_arguments_int=\count407
\l__tikzsymbols_Innocey_nr_arguments_int=\count408
\l__tikzsymbols_wInnocey_nr_arguments_int=\count409
\l__tikzsymbols_dInnocey_nr_arguments_int=\count410
\l__tikzsymbols_Cooley_nr_arguments_int=\count411
\l__tikzsymbols_dCooley_nr_arguments_int=\count412
\l__tikzsymbols_Tongey_nr_arguments_int=\count413
\l__tikzsymbols_dTongey_nr_arguments_int=\count414
\l__tikzsymbols_Nursey_nr_arguments_int=\count415
\l__tikzsymbols_dNursey_nr_arguments_int=\count416
\l__tikzsymbols_Vomey_nr_arguments_int=\count417
\l__tikzsymbols_dVomey_nr_arguments_int=\count418
\l__tikzsymbols_Walley_nr_arguments_int=\count419
\l__tikzsymbols_rWalley_nr_arguments_int=\count420
\l__tikzsymbols_dWalley_nr_arguments_int=\count421
\l__tikzsymbols_drWalley_nr_arguments_int=\count422
\l__tikzsymbols_Cat_nr_arguments_int=\count423
\l__tikzsymbols_SchrodingersCat_nr_arguments_int=\count424
\l__tikzsymbols_Ninja_nr_arguments_int=\count425
\l__tikzsymbols_dNinja_nr_arguments_int=\count426
\l__tikzsymbols_Sleepey_nr_arguments_int=\count427
\l__tikzsymbols_dSleepey_nr_arguments_int=\count428
\l__tikzsymbols_Maskey_nr_arguments_int=\count429
\l__tikzsymbols_NiceReapey_nr_arguments_int=\count430
\l__tikzsymbols_Strichmaxerl_nr_arguments_int=\count431
\l__tikzsymbols_Person_nr_arguments_int=\count432
\l__tikzsymbols_Heart_nr_arguments_int=\count433
\l__tikzsymbols_dHeart_nr_arguments_int=\count434
\l__tikzsymbols_HeartBroken_nr_arguments_int=\count435
\l__tikzsymbols_Candle_nr_arguments_int=\count436
\l__tikzsymbols_Fire_nr_arguments_int=\count437
\l__tikzsymbols_Coffeecup_nr_arguments_int=\count438
\l__tikzsymbols_Chair_nr_arguments_int=\count439
\l__tikzsymbols_Bed_nr_arguments_int=\count440
\l__tikzsymbols_Tribar_nr_arguments_int=\count441
\l__tikzsymbols_Moai_nr_arguments_int=\count442
\l__tikzsymbols_Snowman_nr_arguments_int=\count443
\l__tikzsymbols_BasicTree_nr_arguments_int=\count444
\l__tikzsymbols_WorstTree_nr_arguments_int=\count445
\l__tikzsymbols_Springtree_nr_arguments_int=\count446
\l__tikzsymbols_Summertree_nr_arguments_int=\count447
\l__tikzsymbols_Autumntree_nr_arguments_int=\count448
\l__tikzsymbols_Wintertree_nr_arguments_int=\count449
)
(/Users/chuksokoli/Library/Application Support/MiKTeX/texmfs/install/tex/latex/
tikz-qtree/tikz-qtree.sty
(/Users/chuksokoli/Library/Application Support/MiKTeX/texmfs/install/tex/latex/
tikz-qtree/pgftree.sty
(/Users/chuksokoli/Library/Application Support/MiKTeX/texmfs/install/tex/latex/
tikz-qtree/pgfsubpic.sty
(/Users/chuksokoli/Library/Application Support/MiKTeX/texmfs/install/tex/generi
c/tikz-qtree/pgfsubpic.tex
\pgf@subpicminx=\dimen340
\pgf@subpicminy=\dimen341
\pgf@subpicmaxx=\dimen342
\pgf@subpicmaxy=\dimen343
))
(/Users/chuksokoli/Library/Application Support/MiKTeX/texmfs/install/tex/generi
c/tikz-qtree/pgftree.tex
\levelsep=\dimen344
\subtreesep=\dimen345
\smuggle@levelsep=\dimen346
\smuggle@subtreesep=\dimen347
\this@levelsep=\dimen348
\this@subtreesep=\dimen349
\pgftree@childx=\dimen350
\pgftree@savechildx=\dimen351
\pgftree@childy=\dimen352
\pgftree@savechildy=\dimen353
\pgftree@childi=\count450
\pgftree@savechildi=\count451
\pgftree@level=\count452
\pgftree@depth=\dimen354
\pgf@subpic@hbox@children=\box137
\pgf@subpic@minx@children=\dimen355
\pgf@subpic@miny@children=\dimen356
\pgf@subpic@maxx@children=\dimen357
\pgf@subpic@maxy@children=\dimen358
\pgftree@lastchildx=\dimen359
\pgftree@lastchildy=\dimen360
))
(/Users/chuksokoli/Library/Application Support/MiKTeX/texmfs/install/tex/generi
c/tikz-qtree/tikz-qtree.tex
\@result=\toks53
\child@list=\toks54
\root@node=\toks55
))
(/Library/Application Support/MiKTeX/texmfs/install/tex/latex/pgfplots/pgfplots
.sty
(/Library/Application Support/MiKTeX/texmfs/install/tex/generic/pgfplots/pgfplo
ts.revision.tex)
Package: pgfplots 2021/05/15 v1.18.1 Data Visualization (1.18.1)

(/Library/Application Support/MiKTeX/texmfs/install/tex/generic/pgfplots/pgfplo
ts.code.tex
(/Library/Application Support/MiKTeX/texmfs/install/tex/generic/pgfplots/pgfplo
tscore.code.tex
\t@pgfplots@toka=\toks56
\t@pgfplots@tokb=\toks57
\t@pgfplots@tokc=\toks58
\pgfplots@tmpa=\dimen361
\c@pgfplots@coordindex=\count453
\c@pgfplots@scanlineindex=\count454

(/Library/Application Support/MiKTeX/texmfs/install/tex/generic/pgfplots/sys/pg
fplotssysgeneric.code.tex))
(/Library/Application Support/MiKTeX/texmfs/install/tex/generic/pgfplots/libs/p
gfplotslibrary.code.tex)
(/Library/Application Support/MiKTeX/texmfs/install/tex/generic/pgfplots/oldpgf
compatib/pgfplotsoldpgfsupp_loader.code.tex
(/Library/Application Support/MiKTeX/texmfs/install/tex/generic/pgf/libraries/p
gflibraryfpu.code.tex)
Package pgfplots: loading complementary utilities for your pgf version...
\t@pgf@toka=\toks59
\t@pgf@tokb=\toks60
\t@pgf@tokc=\toks61

(/Library/Application Support/MiKTeX/texmfs/install/tex/generic/pgfplots/oldpgf
compatib/pgfplotsoldpgfsupp_pgfutil-common-lists.tex))
(/Library/Application Support/MiKTeX/texmfs/install/tex/generic/pgfplots/util/p
gfplotsutil.code.tex
(/Library/Application Support/MiKTeX/texmfs/install/tex/generic/pgfplots/listst
ructure/pgfplotsliststructure.code.tex)
(/Library/Application Support/MiKTeX/texmfs/install/tex/generic/pgfplots/listst
ructure/pgfplotsliststructureext.code.tex)
(/Library/Application Support/MiKTeX/texmfs/install/tex/generic/pgfplots/listst
ructure/pgfplotsarray.code.tex
\c@pgfplotsarray@tmp=\count455
)
(/Library/Application Support/MiKTeX/texmfs/install/tex/generic/pgfplots/listst
ructure/pgfplotsmatrix.code.tex)
(/Library/Application Support/MiKTeX/texmfs/install/tex/generic/pgfplots/numtab
le/pgfplotstableshared.code.tex
\c@pgfplotstable@counta=\count456
\t@pgfplotstable@a=\toks62
)
(/Library/Application Support/MiKTeX/texmfs/install/tex/generic/pgfplots/listst
ructure/pgfplotsdeque.code.tex)
(/Library/Application Support/MiKTeX/texmfs/install/tex/generic/pgfplots/util/p
gfplotsbinary.code.tex
(/Library/Application Support/MiKTeX/texmfs/install/tex/generic/pgfplots/util/p
gfplotsbinary.data.code.tex))
(/Library/Application Support/MiKTeX/texmfs/install/tex/generic/pgfplots/util/p
gfplotsutil.verb.code.tex)
(/Library/Application Support/MiKTeX/texmfs/install/tex/generic/pgfplots/libs/p
gflibrarypgfplots.surfshading.code.tex
\c@pgfplotslibrarysurf@no=\count457

(/Library/Application Support/MiKTeX/texmfs/install/tex/generic/pgfplots/sys/pg
flibrarypgfplots.surfshading.pgfsys-pdftex.def)))
(/Library/Application Support/MiKTeX/texmfs/install/tex/generic/pgfplots/util/p
gfplotscolormap.code.tex
(/Library/Application Support/MiKTeX/texmfs/install/tex/generic/pgfplots/util/p
gfplotscolor.code.tex))
(/Library/Application Support/MiKTeX/texmfs/install/tex/generic/pgfplots/pgfplo
tsstackedplots.code.tex)
(/Library/Application Support/MiKTeX/texmfs/install/tex/generic/pgfplots/pgfplo
tsplothandlers.code.tex
(/Library/Application Support/MiKTeX/texmfs/install/tex/generic/pgfplots/pgfplo
tsmeshplothandler.code.tex
(/Library/Application Support/MiKTeX/texmfs/install/tex/generic/pgfplots/pgfplo
tsmeshplotimage.code.tex)))
(/Library/Application Support/MiKTeX/texmfs/install/tex/generic/pgfplots/pgfplo
ts.scaling.code.tex)
(/Library/Application Support/MiKTeX/texmfs/install/tex/generic/pgfplots/pgfplo
tscoordprocessing.code.tex)
(/Library/Application Support/MiKTeX/texmfs/install/tex/generic/pgfplots/pgfplo
ts.errorbars.code.tex)
(/Library/Application Support/MiKTeX/texmfs/install/tex/generic/pgfplots/pgfplo
ts.markers.code.tex)
(/Library/Application Support/MiKTeX/texmfs/install/tex/generic/pgfplots/pgfplo
tsticks.code.tex)
(/Library/Application Support/MiKTeX/texmfs/install/tex/generic/pgfplots/pgfplo
ts.paths.code.tex)
(/Library/Application Support/MiKTeX/texmfs/install/tex/generic/pgf/frontendlay
er/tikz/libraries/tikzlibrarydecorations.pathreplacing.code.tex
(/Library/Application Support/MiKTeX/texmfs/install/tex/generic/pgf/libraries/d
ecorations/pgflibrarydecorations.pathreplacing.code.tex))
(/Library/Application Support/MiKTeX/texmfs/install/tex/generic/pgfplots/libs/t
ikzlibrarypgfplots.contourlua.code.tex)
\pgfplots@numplots=\count458
\pgfplots@xmin@reg=\dimen362
\pgfplots@xmax@reg=\dimen363
\pgfplots@ymin@reg=\dimen364
\pgfplots@ymax@reg=\dimen365
\pgfplots@zmin@reg=\dimen366
\pgfplots@zmax@reg=\dimen367
)
(/Library/Application Support/MiKTeX/texmfs/install/tex/generic/pgf/frontendlay
er/tikz/libraries/tikzlibraryplotmarks.code.tex
File: tikzlibraryplotmarks.code.tex 2023-01-15 v3.1.10 (3.1.10)

(/Library/Application Support/MiKTeX/texmfs/install/tex/generic/pgf/libraries/p
gflibraryplotmarks.code.tex
File: pgflibraryplotmarks.code.tex 2023-01-15 v3.1.10 (3.1.10)
)))
(/Library/Application Support/MiKTeX/texmfs/install/tex/latex/pgfplots/pgfplots
table.sty
(/Library/Application Support/MiKTeX/texmfs/install/tex/generic/pgfplots/pgfplo
ts.revision.tex)
Package: pgfplotstable 2021/05/15 v1.18.1 Table typesetting and Pretty-printing
 (1.18.1)

(/Library/Application Support/MiKTeX/texmfs/install/tex/generic/pgfplots/numtab
le/pgfplotstable.code.tex
(/Library/Application Support/MiKTeX/texmfs/install/tex/generic/pgfplots/numtab
le/pgfplotstable.coltype.code.tex)))
(/Library/Application Support/MiKTeX/texmfs/install/tex/generic/pgf/frontendlay
er/tikz/libraries/tikzlibrarydecorations.text.code.tex
(/Library/Application Support/MiKTeX/texmfs/install/tex/generic/pgf/libraries/d
ecorations/pgflibrarydecorations.text.code.tex
\pgf@lib@dec@text@box=\box138
)
\tikz@lib@dec@te@box=\box139
)
(/Library/Application Support/MiKTeX/texmfs/install/tex/generic/pgf/frontendlay
er/tikz/libraries/tikzlibrarypositioning.code.tex
File: tikzlibrarypositioning.code.tex 2023-01-15 v3.1.10 (3.1.10)
)
(/Users/chuksokoli/Library/Application Support/MiKTeX/texmfs/install/tex/latex/
tikzmark/tikzlibrarytikzmark.code.tex
File: tikzlibrarytikzmark.code.tex 2022/08/24 v1.15 TikZ library for marking po
sitions in a document
\l__sn_x_dim=\dimen368
\l__sn_y_dim=\dimen369
\l__sn_xa_dim=\dimen370
\l__sn_ya_dim=\dimen371
)
(/Library/Application Support/MiKTeX/texmfs/install/tex/generic/pgf/frontendlay
er/tikz/libraries/tikzlibrarypatterns.code.tex
File: tikzlibrarypatterns.code.tex 2023-01-15 v3.1.10 (3.1.10)

(/Library/Application Support/MiKTeX/texmfs/install/tex/generic/pgf/libraries/p
gflibrarypatterns.code.tex
File: pgflibrarypatterns.code.tex 2023-01-15 v3.1.10 (3.1.10)
))
(/Library/Application Support/MiKTeX/texmfs/install/tex/generic/pgf/frontendlay
er/tikz/libraries/tikzlibraryshapes.code.tex
File: tikzlibraryshapes.code.tex 2023-01-15 v3.1.10 (3.1.10)

(/Library/Application Support/MiKTeX/texmfs/install/tex/generic/pgf/frontendlay
er/tikz/libraries/tikzlibraryshapes.geometric.code.tex
File: tikzlibraryshapes.geometric.code.tex 2023-01-15 v3.1.10 (3.1.10)

(/Library/Application Support/MiKTeX/texmfs/install/tex/generic/pgf/libraries/s
hapes/pgflibraryshapes.geometric.code.tex
File: pgflibraryshapes.geometric.code.tex 2023-01-15 v3.1.10 (3.1.10)
))
(/Library/Application Support/MiKTeX/texmfs/install/tex/generic/pgf/frontendlay
er/tikz/libraries/tikzlibraryshapes.misc.code.tex
File: tikzlibraryshapes.misc.code.tex 2023-01-15 v3.1.10 (3.1.10)

(/Library/Application Support/MiKTeX/texmfs/install/tex/generic/pgf/libraries/s
hapes/pgflibraryshapes.misc.code.tex
File: pgflibraryshapes.misc.code.tex 2023-01-15 v3.1.10 (3.1.10)
))
(/Library/Application Support/MiKTeX/texmfs/install/tex/generic/pgf/frontendlay
er/tikz/libraries/tikzlibraryshapes.symbols.code.tex
File: tikzlibraryshapes.symbols.code.tex 2023-01-15 v3.1.10 (3.1.10)

(/Library/Application Support/MiKTeX/texmfs/install/tex/generic/pgf/libraries/s
hapes/pgflibraryshapes.symbols.code.tex
File: pgflibraryshapes.symbols.code.tex 2023-01-15 v3.1.10 (3.1.10)
))
(/Library/Application Support/MiKTeX/texmfs/install/tex/generic/pgf/frontendlay
er/tikz/libraries/tikzlibraryshapes.arrows.code.tex
File: tikzlibraryshapes.arrows.code.tex 2023-01-15 v3.1.10 (3.1.10)

(/Library/Application Support/MiKTeX/texmfs/install/tex/generic/pgf/libraries/s
hapes/pgflibraryshapes.arrows.code.tex
File: pgflibraryshapes.arrows.code.tex 2023-01-15 v3.1.10 (3.1.10)
))
(/Library/Application Support/MiKTeX/texmfs/install/tex/generic/pgf/frontendlay
er/tikz/libraries/tikzlibraryshapes.callouts.code.tex
(/Library/Application Support/MiKTeX/texmfs/install/tex/generic/pgf/libraries/s
hapes/pgflibraryshapes.callouts.code.tex))
(/Library/Application Support/MiKTeX/texmfs/install/tex/generic/pgf/frontendlay
er/tikz/libraries/tikzlibraryshapes.multipart.code.tex
File: tikzlibraryshapes.multipart.code.tex 2023-01-15 v3.1.10 (3.1.10)

(/Library/Application Support/MiKTeX/texmfs/install/tex/generic/pgf/libraries/s
hapes/pgflibraryshapes.multipart.code.tex
File: pgflibraryshapes.multipart.code.tex 2023-01-15 v3.1.10 (3.1.10)
\pgfnodepartlowerbox=\box140
\pgfnodeparttwobox=\box141
\pgfnodepartthreebox=\box142
\pgfnodepartfourbox=\box143
\pgfnodeparttwentybox=\box144
\pgfnodepartnineteenbox=\box145
\pgfnodeparteighteenbox=\box146
\pgfnodepartseventeenbox=\box147
\pgfnodepartsixteenbox=\box148
\pgfnodepartfifteenbox=\box149
\pgfnodepartfourteenbox=\box150
\pgfnodepartthirteenbox=\box151
\pgfnodeparttwelvebox=\box152
\pgfnodepartelevenbox=\box153
\pgfnodeparttenbox=\box154
\pgfnodepartninebox=\box155
\pgfnodeparteightbox=\box156
\pgfnodepartsevenbox=\box157
\pgfnodepartsixbox=\box158
\pgfnodepartfivebox=\box159
)))
(/Library/Application Support/MiKTeX/texmfs/install/tex/generic/pgf/frontendlay
er/tikz/libraries/tikzlibrarycalc.code.tex
File: tikzlibrarycalc.code.tex 2023-01-15 v3.1.10 (3.1.10)
)
(/Library/Application Support/MiKTeX/texmfs/install/tex/generic/pgf/frontendlay
er/tikz/libraries/tikzlibraryfit.code.tex
File: tikzlibraryfit.code.tex 2023-01-15 v3.1.10 (3.1.10)
)
(/Library/Application Support/MiKTeX/texmfs/install/tex/generic/pgf/frontendlay
er/tikz/libraries/tikzlibrary3d.code.tex
File: tikzlibrary3d.code.tex 2023-01-15 v3.1.10 (3.1.10)
)
(/Library/Application Support/MiKTeX/texmfs/install/tex/generic/pgfplots/libs/t
ikzlibrarypgfplots.fillbetween.code.tex
(/Library/Application Support/MiKTeX/texmfs/install/tex/generic/pgfplots/pgfcon
trib/tikzlibraryfillbetween.code.tex
(/Library/Application Support/MiKTeX/texmfs/install/tex/generic/pgf/frontendlay
er/tikz/libraries/tikzlibraryintersections.code.tex
(/Library/Application Support/MiKTeX/texmfs/install/tex/generic/pgf/libraries/p
gflibraryintersections.code.tex
\pgf@intersect@solutions=\count459
))
(/Library/Application Support/MiKTeX/texmfs/install/tex/generic/pgfplots/pgfcon
trib/tikzlibrarydecorations.softclip.code.tex
(/Library/Application Support/MiKTeX/texmfs/install/tex/generic/pgfplots/pgfcon
trib/pgflibraryfillbetween.code.tex)))
(/Library/Application Support/MiKTeX/texmfs/install/tex/generic/pgfplots/libs/t
ikzlibrarypgfplots.decorations.softclip.code.tex))
(/Users/chuksokoli/Library/Application Support/MiKTeX/texmfs/install/tex/latex/
mdframed/mdframed.sty
Package: mdframed 2013/07/01 1.9b: mdframed

(/Users/chuksokoli/Library/Application Support/MiKTeX/texmfs/install/tex/latex/
zref/zref-abspage.sty
Package: zref-abspage 2023-09-14 v2.35 Module abspage for zref (HO)

(/Users/chuksokoli/Library/Application Support/MiKTeX/texmfs/install/tex/latex/
zref/zref-base.sty
Package: zref-base 2023-09-14 v2.35 Module base for zref (HO)

(/Users/chuksokoli/Library/Application Support/MiKTeX/texmfs/install/tex/generi
c/etexcmds/etexcmds.sty
Package: etexcmds 2019/12/15 v1.7 Avoid name clashes with e-TeX commands (HO)
)
Package zref Info: New property list: main on input line 767.
Package zref Info: New property: default on input line 768.
Package zref Info: New property: page on input line 769.
)
\c@abspage=\count460
Package zref Info: New property: abspage on input line 67.
)
(/Users/chuksokoli/Library/Application Support/MiKTeX/texmfs/install/tex/latex/
needspace/needspace.sty
Package: needspace 2010/09/12 v1.3d reserve vertical space
)
\mdf@templength=\skip80
\c@mdf@globalstyle@cnt=\count461
\mdf@skipabove@length=\skip81
\mdf@skipbelow@length=\skip82
\mdf@leftmargin@length=\skip83
\mdf@rightmargin@length=\skip84
\mdf@innerleftmargin@length=\skip85
\mdf@innerrightmargin@length=\skip86
\mdf@innertopmargin@length=\skip87
\mdf@innerbottommargin@length=\skip88
\mdf@splittopskip@length=\skip89
\mdf@splitbottomskip@length=\skip90
\mdf@outermargin@length=\skip91
\mdf@innermargin@length=\skip92
\mdf@linewidth@length=\skip93
\mdf@innerlinewidth@length=\skip94
\mdf@middlelinewidth@length=\skip95
\mdf@outerlinewidth@length=\skip96
\mdf@roundcorner@length=\skip97
\mdf@footenotedistance@length=\skip98
\mdf@userdefinedwidth@length=\skip99
\mdf@needspace@length=\skip100
\mdf@frametitleaboveskip@length=\skip101
\mdf@frametitlebelowskip@length=\skip102
\mdf@frametitlerulewidth@length=\skip103
\mdf@frametitleleftmargin@length=\skip104
\mdf@frametitlerightmargin@length=\skip105
\mdf@shadowsize@length=\skip106
\mdf@extratopheight@length=\skip107
\mdf@subtitleabovelinewidth@length=\skip108
\mdf@subtitlebelowlinewidth@length=\skip109
\mdf@subtitleaboveskip@length=\skip110
\mdf@subtitlebelowskip@length=\skip111
\mdf@subtitleinneraboveskip@length=\skip112
\mdf@subtitleinnerbelowskip@length=\skip113
\mdf@subsubtitleabovelinewidth@length=\skip114
\mdf@subsubtitlebelowlinewidth@length=\skip115
\mdf@subsubtitleaboveskip@length=\skip116
\mdf@subsubtitlebelowskip@length=\skip117
\mdf@subsubtitleinneraboveskip@length=\skip118
\mdf@subsubtitleinnerbelowskip@length=\skip119

(/Users/chuksokoli/Library/Application Support/MiKTeX/texmfs/install/tex/latex/
mdframed/md-frame-0.mdf
File: md-frame-0.mdf 2013/07/01\ 1.9b: md-frame-0
)
\mdf@frametitlebox=\box160
\mdf@footnotebox=\box161
\mdf@splitbox@one=\box162
\mdf@splitbox@two=\box163
\mdf@splitbox@save=\box164
\mdfsplitboxwidth=\skip120
\mdfsplitboxtotalwidth=\skip121
\mdfsplitboxheight=\skip122
\mdfsplitboxdepth=\skip123
\mdfsplitboxtotalheight=\skip124
\mdfframetitleboxwidth=\skip125
\mdfframetitleboxtotalwidth=\skip126
\mdfframetitleboxheight=\skip127
\mdfframetitleboxdepth=\skip128
\mdfframetitleboxtotalheight=\skip129
\mdffootnoteboxwidth=\skip130
\mdffootnoteboxtotalwidth=\skip131
\mdffootnoteboxheight=\skip132
\mdffootnoteboxdepth=\skip133
\mdffootnoteboxtotalheight=\skip134
\mdftotallinewidth=\skip135
\mdfboundingboxwidth=\skip136
\mdfboundingboxtotalwidth=\skip137
\mdfboundingboxheight=\skip138
\mdfboundingboxdepth=\skip139
\mdfboundingboxtotalheight=\skip140
\mdf@freevspace@length=\skip141
\mdf@horizontalwidthofbox@length=\skip142
\mdf@verticalmarginwhole@length=\skip143
\mdf@horizontalspaceofbox=\skip144
\mdfsubtitleheight=\skip145
\mdfsubsubtitleheight=\skip146
\c@mdfcountframes=\count462

****** mdframed patching \endmdf@trivlist

****** -- success******

\mdf@envdepth=\count463
\c@mdf@env@i=\count464
\c@mdf@env@ii=\count465
\c@mdf@zref@counter=\count466
Package zref Info: New property: mdf@pagevalue on input line 895.
)
(/Users/chuksokoli/Library/Application Support/MiKTeX/texmfs/install/tex/latex/
algorithm2e/algorithm2e.sty
Package: algorithm2e 2017/07/18 v5.2 algorithms environments
\c@AlgoLine=\count467

(/Library/Application Support/MiKTeX/texmfs/install/tex/latex/base/ifthen.sty
Package: ifthen 2022/04/13 v1.1d Standard LaTeX ifthen package (DPC)
)
\algocf@hangindent=\skip147

(/Users/chuksokoli/Library/Application Support/MiKTeX/texmfs/install/tex/latex/
ifoddpage/ifoddpage.sty
Package: ifoddpage 2022/10/18 v1.2 Conditionals for odd/even page detection
\c@checkoddpage=\count468
LaTeX Info: Redefining \checkoddpage on input line 45.
)
\skiptotal=\skip148
\skiplinenumber=\skip149
\skiprule=\skip150
\skiphlne=\skip151
\skiptext=\skip152
\skiplength=\skip153
\algomargin=\skip154
\skipalgocfslide=\skip155
\algowidth=\dimen372
\inoutsize=\dimen373
\inoutindent=\dimen374
\interspacetitleruled=\dimen375
\interspacealgoruled=\dimen376
\interspacetitleboxruled=\dimen377
\algocf@ruledwidth=\skip156
\algocf@inoutbox=\box165
\algocf@inputbox=\box166
\AlCapSkip=\skip157
\AlCapHSkip=\skip158
\algoskipindent=\skip159
\algocf@nlbox=\box167
\algocf@hangingbox=\box168
\algocf@untilbox=\box169
\algocf@skipuntil=\skip160
\algocf@capbox=\box170
\algocf@lcaptionbox=\skip161
\algoheightruledefault=\skip162
\algoheightrule=\skip163
\algotitleheightruledefault=\skip164
\algotitleheightrule=\skip165
\c@algocfline=\count469
\c@algocfproc=\count470
\c@algocf=\count471
\algocf@algoframe=\box171
\algocf@algobox=\box172
)
(/Users/chuksokoli/Library/Application Support/MiKTeX/texmfs/install/tex/latex/
fancyvrb/fancyvrb.sty
Package: fancyvrb 2023/01/19 4.5a verbatim text (tvz,hv)
\FV@CodeLineNo=\count472
\FV@InFile=\read5
\FV@TabBox=\box173
\c@FancyVerbLine=\count473
\FV@StepNumber=\count474
\FV@OutFile=\write4
)
(/Users/chuksokoli/Library/Application Support/MiKTeX/texmfs/install/tex/latex/
upquote/upquote.sty
Package: upquote 2012/04/19 v1.3 upright-quote and grave-accent glyphs in verba
tim

(/Library/Application Support/MiKTeX/texmfs/install/tex/latex/base/textcomp.sty
Package: textcomp 2020/02/02 v2.0n Standard LaTeX package
))
(/Library/Application Support/MiKTeX/texmfs/install/tex/latex/base/fontenc.sty
Package: fontenc 2021/04/29 v2.0v Standard LaTeX package
)
(/Users/chuksokoli/Library/Application Support/MiKTeX/texmfs/install/tex/generi
c/soul/soul.sty
Package: soul 2023-06-14 v3.1 Permit use of UTF-8 characters in soul (HO)

(/Users/chuksokoli/Library/Application Support/MiKTeX/texmfs/install/tex/generi
c/soul/soul-ori.sty
Package: soul-ori 2023-06-14 v3.1 letterspacing/underlining (mf)
\SOUL@word=\toks63
\SOUL@lasttoken=\toks64
\SOUL@syllable=\toks65
\SOUL@cmds=\toks66
\SOUL@buffer=\toks67
\SOUL@token=\toks68
\SOUL@syllgoal=\dimen378
\SOUL@syllwidth=\dimen379
\SOUL@charkern=\dimen380
\SOUL@hyphkern=\dimen381
\SOUL@dimen=\dimen382
\SOUL@dimeni=\dimen383
\SOUL@minus=\count475
\SOUL@comma=\count476
\SOUL@apo=\count477
\SOUL@grave=\count478
\SOUL@spaceskip=\skip166
\SOUL@ttwidth=\dimen384
\SOUL@uldp=\dimen385
\SOUL@ulht=\dimen386
))
(/Users/chuksokoli/Library/Application Support/MiKTeX/texmfs/install/tex/latex/
quoting/quoting.sty
Package: quoting 2014/01/28 v0.1c Consolidated environment for displayed text
\quo@toppartop=\skip167
)
(/Users/chuksokoli/Library/Application Support/MiKTeX/texmfs/install/tex/latex/
ulem/ulem.sty
\UL@box=\box174
\UL@hyphenbox=\box175
\UL@skip=\skip168
\UL@hook=\toks69
\UL@height=\dimen387
\UL@pe=\count479
\UL@pixel=\dimen388
\ULC@box=\box176
Package: ulem 2019/11/18
\ULdepth=\dimen389
)
(/Users/chuksokoli/Library/Application Support/MiKTeX/texmfs/install/tex/latex/
dingbat/dingbat.sty
Package: dingbat 2001/04/27 v1.00 Hands and other dingbats
)
(/Users/chuksokoli/Library/Application Support/MiKTeX/texmfs/install/tex/latex/
wasysym/wasysym.sty
Package: wasysym 2020/01/19 v2.4 Wasy-2 symbol support package
\symwasy=\mathgroup4
LaTeX Font Info:    Overwriting symbol font `wasy' in version `bold'
(Font)                  U/wasy/m/n --> U/wasy/b/n on input line 93.
)
(/Users/chuksokoli/Library/Application Support/MiKTeX/texmfs/install/tex/latex/
mathtools/mathtools.sty
Package: mathtools 2022/06/29 v1.29 mathematical typesetting tools

(/Library/Application Support/MiKTeX/texmfs/install/tex/latex/tools/calc.sty
Package: calc 2023/07/08 v4.3 Infix arithmetic (KKT,FJ)
\calc@Acount=\count480
\calc@Bcount=\count481
\calc@Adimen=\dimen390
\calc@Bdimen=\dimen391
\calc@Askip=\skip169
\calc@Bskip=\skip170
LaTeX Info: Redefining \setlength on input line 80.
LaTeX Info: Redefining \addtolength on input line 81.
\calc@Ccount=\count482
\calc@Cskip=\skip171
)
(/Users/chuksokoli/Library/Application Support/MiKTeX/texmfs/install/tex/latex/
mathtools/mhsetup.sty
Package: mhsetup 2021/03/18 v1.4 programming setup (MH)
)
\g_MT_multlinerow_int=\count483
\l_MT_multwidth_dim=\dimen392
\origjot=\skip172
\l_MT_shortvdotswithinadjustabove_dim=\dimen393
\l_MT_shortvdotswithinadjustbelow_dim=\dimen394
\l_MT_above_intertext_sep=\dimen395
\l_MT_below_intertext_sep=\dimen396
\l_MT_above_shortintertext_sep=\dimen397
\l_MT_below_shortintertext_sep=\dimen398
\xmathstrut@box=\box177
\xmathstrut@dim=\dimen399
)
(/Users/chuksokoli/Library/Application Support/MiKTeX/texmfs/install/tex/latex/
units/nicefrac.sty
Package: nicefrac 1998/08/04 v0.9b Nice fractions
\L@UnitsRaiseDisplaystyle=\skip173
\L@UnitsRaiseTextstyle=\skip174
\L@UnitsRaiseScriptstyle=\skip175
)
(/Library/Application Support/MiKTeX/texmfs/install/tex/latex/amsfonts/amssymb.
sty
Package: amssymb 2013/01/14 v3.01 AMS font symbols

(/Library/Application Support/MiKTeX/texmfs/install/tex/latex/amsfonts/amsfonts
.sty
Package: amsfonts 2013/01/14 v3.01 Basic AMSFonts support
\symAMSa=\mathgroup5
\symAMSb=\mathgroup6
LaTeX Font Info:    Redeclaring math symbol \hbar on input line 98.
LaTeX Font Info:    Overwriting math alphabet `\mathfrak' in version `bold'
(Font)                  U/euf/m/n --> U/euf/b/n on input line 106.
))
(/Users/chuksokoli/Library/Application Support/MiKTeX/texmfs/install/tex/latex/
gensymb/gensymb.sty
Package: gensymb 2022/10/17 v1.0.2 (KJH)
)
(/Library/Application Support/MiKTeX/texmfs/install/tex/latex/base/latexsym.sty
Package: latexsym 1998/08/17 v2.2e Standard LaTeX package (lasy symbols)
\symlasy=\mathgroup7
LaTeX Font Info:    Overwriting symbol font `lasy' in version `bold'
(Font)                  U/lasy/m/n --> U/lasy/b/n on input line 52.
)
(/Users/chuksokoli/Library/Application Support/MiKTeX/texmfs/install/tex/latex/
leftidx/leftidx.sty
Package: leftidx 2003/09/24 v1.03 Left indices
)
(/Users/chuksokoli/Library/Application Support/MiKTeX/texmfs/install/tex/latex/
amscls/amsthm.sty
Package: amsthm 2020/05/29 v2.20.6
\thm@style=\toks70
\thm@bodyfont=\toks71
\thm@headfont=\toks72
\thm@notefont=\toks73
\thm@headpunct=\toks74
\thm@preskip=\skip176
\thm@postskip=\skip177
\thm@headsep=\skip178
\dth@everypar=\toks75
)
(/Library/Application Support/MiKTeX/texmfs/install/tex/latex/amsfonts/euscript
.sty
Package: euscript 2009/06/22 v3.00 Euler Script fonts
LaTeX Font Info:    Overwriting math alphabet `\EuScript' in version `bold'
(Font)                  U/eus/m/n --> U/eus/b/n on input line 33.
)
(/Library/Application Support/MiKTeX/texmfs/install/tex/latex/tools/bm.sty
Package: bm 2023/07/08 v1.2f Bold Symbol Support (DPC/FMi)
\symboldoperators=\mathgroup8
\symboldletters=\mathgroup9
\symboldsymbols=\mathgroup10
Package bm Info: No bold for \OMX/cmex/m/n, using \pmb.
\symboldwasy=\mathgroup11
Package bm Info: No bold for \U/msa/m/n, using \pmb.
Package bm Info: No bold for \U/msb/m/n, using \pmb.
LaTeX Font Info:    Redeclaring math alphabet \mathbf on input line 149.
)
(/Users/chuksokoli/Library/Application Support/MiKTeX/texmfs/install/tex/latex/
cleveref/cleveref.sty
Package: cleveref 2018/03/27 v0.21.4 Intelligent cross-referencing
Package cleveref Info: `hyperref' support loaded on input line 2370.
LaTeX Info: Redefining \cref on input line 2370.
LaTeX Info: Redefining \Cref on input line 2370.
LaTeX Info: Redefining \crefrange on input line 2370.
LaTeX Info: Redefining \Crefrange on input line 2370.
LaTeX Info: Redefining \cpageref on input line 2370.
LaTeX Info: Redefining \Cpageref on input line 2370.
LaTeX Info: Redefining \cpagerefrange on input line 2370.
LaTeX Info: Redefining \Cpagerefrange on input line 2370.
LaTeX Info: Redefining \labelcref on input line 2370.
LaTeX Info: Redefining \labelcpageref on input line 2370.
Package cleveref Info: `amsthm' support loaded on input line 3026.
Package cleveref Info: `listings' support loaded on input line 3131.
Package cleveref Info: `algorithm2e' support loaded on input line 3147.
)
\c@excounter=\count484
\c@theorem=\count485
\c@claim=\count486
\c@longclaim=\count487
\c@property=\count488

(/Users/chuksokoli/Documents/mlops zoomcamp 2024/notes/LaTeX/CustomCommands.sty

LaTeX Warning: You have requested package `CustomCommands',
               but the package provides `gkcommands'.

Package: gkcommands 
)
Package hyperref Info: Option `colorlinks' set `true' on input line 443.

(/Users/chuksokoli/Library/Application Support/MiKTeX/texmfs/install/tex/latex/
accsupp/accsupp.sty
Package: accsupp 2019/12/05 v0.6 Accessibility support by marked content (HO)

(/Users/chuksokoli/Library/Application Support/MiKTeX/texmfs/install/tex/latex/
accsupp/accsupp-pdftex.def
File: accsupp-pdftex.def 2019/12/05 v0.6 accsupp driver for pdfTeX (HO)
))
(/Users/chuksokoli/Library/Application Support/MiKTeX/texmfs/install/tex/latex/
draftwatermark/draftwatermark.sty
Package: draftwatermark 2024/03/04 3.3 Put a gray textual watermark on document
 pages
))
(/Users/chuksokoli/Library/Application Support/MiKTeX/texmfs/install/tex/latex/
placeins/placeins.sty
Package: placeins 2005/04/18  v 2.2
)
(/Users/chuksokoli/Library/Application Support/MiKTeX/texmfs/install/tex/latex/
microtype/microtype.sty
Package: microtype 2023/03/13 v3.1a Micro-typographical refinements (RS)
\MT@toks=\toks76
\MT@tempbox=\box178
\MT@count=\count489
LaTeX Info: Redefining \noprotrusionifhmode on input line 1059.
LaTeX Info: Redefining \leftprotrusion on input line 1060.
\MT@prot@toks=\toks77
LaTeX Info: Redefining \rightprotrusion on input line 1078.
LaTeX Info: Redefining \textls on input line 1368.
\MT@outer@kern=\dimen400
LaTeX Info: Redefining \textmicrotypecontext on input line 1988.
\MT@listname@count=\count490

(/Users/chuksokoli/Library/Application Support/MiKTeX/texmfs/install/tex/latex/
microtype/microtype-pdftex.def
File: microtype-pdftex.def 2023/03/13 v3.1a Definitions specific to pdftex (RS)

LaTeX Info: Redefining \lsstyle on input line 902.
LaTeX Info: Redefining \lslig on input line 902.
\MT@outer@space=\skip179
)
Package microtype Info: Loading configuration file microtype.cfg.

(/Users/chuksokoli/Library/Application Support/MiKTeX/texmfs/install/tex/latex/
microtype/microtype.cfg
File: microtype.cfg 2023/03/13 v3.1a microtype main configuration file (RS)
))
No file MLOps.aux.
\openout1 = `MLOps.aux'.

LaTeX Font Info:    Checking defaults for OML/cmm/m/it on input line 56.
LaTeX Font Info:    ... okay on input line 56.
LaTeX Font Info:    Checking defaults for OMS/cmsy/m/n on input line 56.
LaTeX Font Info:    ... okay on input line 56.
LaTeX Font Info:    Checking defaults for OT1/cmr/m/n on input line 56.
LaTeX Font Info:    ... okay on input line 56.
LaTeX Font Info:    Checking defaults for T1/cmr/m/n on input line 56.
LaTeX Font Info:    ... okay on input line 56.
LaTeX Font Info:    Checking defaults for TS1/cmr/m/n on input line 56.
LaTeX Font Info:    ... okay on input line 56.
LaTeX Font Info:    Checking defaults for OMX/cmex/m/n on input line 56.
LaTeX Font Info:    ... okay on input line 56.
LaTeX Font Info:    Checking defaults for U/cmr/m/n on input line 56.
LaTeX Font Info:    ... okay on input line 56.
LaTeX Font Info:    Checking defaults for PD1/pdf/m/n on input line 56.
LaTeX Font Info:    ... okay on input line 56.
LaTeX Font Info:    Checking defaults for PU/pdf/m/n on input line 56.
LaTeX Font Info:    ... okay on input line 56.
*geometry* driver: auto-detecting
*geometry* detected driver: pdftex
*geometry* verbose mode - [ preamble ] result:
* driver: pdftex
* paper: letterpaper
* layout: <same size as paper>
* layoutoffset:(h,v)=(0.0pt,0.0pt)
* modes: twoside 
* h-part:(L,W,R)=(90.3375pt, 433.62001pt, 90.3375pt)
* v-part:(T,H,B)=(90.3375pt, 632.3625pt, 72.26999pt)
* \paperwidth=614.295pt
* \paperheight=794.96999pt
* \textwidth=433.62001pt
* \textheight=632.3625pt
* \oddsidemargin=18.0675pt
* \evensidemargin=18.0675pt
* \topmargin=-18.9325pt
* \headheight=15.0pt
* \headsep=25.0pt
* \topskip=12.0pt
* \footskip=30.0pt
* \marginparwidth=72.26999pt
* \marginparsep=10.0pt
* \columnsep=17.6207pt
* \skip\footins=10.8pt plus 4.0pt minus 2.0pt
* \hoffset=0.0pt
* \voffset=0.0pt
* \mag=1000
* \@twocolumnfalse
* \@twosidetrue
* \@mparswitchtrue
* \@reversemarginfalse
* (1in=72.27pt=25.4mm, 1cm=28.453pt)


(/Library/Application Support/MiKTeX/texmfs/install/tex/context/base/mkii/supp-
pdf.mkii
[Loading MPS to PDF converter (version 2006.09.02).]
\scratchcounter=\count491
\scratchdimen=\dimen401
\scratchbox=\box179
\nofMPsegments=\count492
\nofMParguments=\count493
\everyMPshowfont=\toks78
\MPscratchCnt=\count494
\MPscratchDim=\dimen402
\MPnumerator=\count495
\makeMPintoPDFobject=\count496
\everyMPtoPDFconversion=\toks79
)
(/Library/Application Support/MiKTeX/texmfs/install/tex/latex/epstopdf-pkg/epst
opdf-base.sty
Package: epstopdf-base 2020-01-24 v2.11 Base part for package epstopdf
Package epstopdf-base Info: Redefining graphics rule for `.eps' on input line 4
85.

(/Library/Application Support/MiKTeX/texmfs/install/tex/latex/00miktex/epstopdf
-sys.cfg
File: epstopdf-sys.cfg 2021/03/18 v2.0 Configuration of epstopdf for MiKTeX
))
\c@lstlisting=\count497
Package caption Info: Begin \AtBeginDocument code.
Package caption Info: float package is loaded.
Package caption Info: hyperref package is loaded.
Package caption Info: End \AtBeginDocument code.
Package hyperref Info: Link coloring ON on input line 56.

Package pgfplots notification 'compat/show suggested version=true': you might b
enefit from \pgfplotsset{compat=1.18} (current compat level: 1.16).

\symgns@font=\mathgroup12
LaTeX Font Info:    Overwriting symbol font `gns@font' in version `bold'
(Font)                  TS1/cmr/m/n --> TS1/cmr/b/n on input line 56.
Package gensymb Info: Math companion symbols declared on input line 56.
LaTeX Info: Redefining \degree on input line 56.
LaTeX Info: Redefining \celsius on input line 56.
Package gensymb Info: Using text companion symbols for \degree, \celsius and \p
erthousand on input line 56.
LaTeX Info: Redefining \ohm on input line 56.
Package gensymb Info: Using \textohm for \ohm on input line 56.
Package gensymb Info: Using \textmu for \micro on input line 56.
LaTeX Info: Redefining \microtypecontext on input line 56.
Package microtype Info: Applying patch `item' on input line 56.
Package microtype Info: Applying patch `toc' on input line 56.
Package microtype Info: Applying patch `eqnum' on input line 56.
Package microtype Info: Applying patch `footnote' on input line 56.
Package microtype Info: Applying patch `verbatim' on input line 56.
Package microtype Info: Generating PDF output.
Package microtype Info: Character protrusion enabled (level 2).
Package microtype Info: Using default protrusion set `alltext'.
Package microtype Info: Automatic font expansion enabled (level 2),
(microtype)             stretch: 20, shrink: 20, step: 1, non-selected.
Package microtype Info: Using default expansion set `alltext-nott'.
LaTeX Info: Redefining \showhyphens on input line 56.
Package microtype Info: No adjustment of tracking.
Package microtype Info: No adjustment of interword spacing.
Package microtype Info: No adjustment of character kerning.

(/Users/chuksokoli/Library/Application Support/MiKTeX/texmfs/install/tex/latex/
microtype/mt-cmr.cfg
File: mt-cmr.cfg 2013/05/19 v2.2 microtype config. file: Computer Modern Roman 
(RS)
)
LaTeX Font Info:    Trying to load font information for U+wasy on input line 61
.

(/Users/chuksokoli/Library/Application Support/MiKTeX/texmfs/install/tex/latex/
wasysym/uwasy.fd
File: uwasy.fd 2020/01/19 v2.4 Wasy-2 symbol font definitions
)
LaTeX Font Info:    Trying to load font information for U+msa on input line 61.


(/Library/Application Support/MiKTeX/texmfs/install/tex/latex/amsfonts/umsa.fd
File: umsa.fd 2013/01/14 v3.01 AMS symbols A
)
(/Users/chuksokoli/Library/Application Support/MiKTeX/texmfs/install/tex/latex/
microtype/mt-msa.cfg
File: mt-msa.cfg 2006/02/04 v1.1 microtype config. file: AMS symbols (a) (RS)
)
LaTeX Font Info:    Trying to load font information for U+msb on input line 61.


(/Library/Application Support/MiKTeX/texmfs/install/tex/latex/amsfonts/umsb.fd
File: umsb.fd 2013/01/14 v3.01 AMS symbols B
)
(/Users/chuksokoli/Library/Application Support/MiKTeX/texmfs/install/tex/latex/
microtype/mt-msb.cfg
File: mt-msb.cfg 2005/06/01 v1.0 microtype config. file: AMS symbols (b) (RS)
)
LaTeX Font Info:    Trying to load font information for U+lasy on input line 61
.

(/Library/Application Support/MiKTeX/texmfs/install/tex/latex/base/ulasy.fd
File: ulasy.fd 1998/08/17 v2.2e LaTeX symbol font definitions
)

LaTeX Font Warning: Font shape `U/wasy/b/n' in size <7> not available
(Font)              Font shape `U/wasy/m/n' tried instead on input line 61.

No file MLOps.toc.
\tf@toc=\write5
\openout5 = `MLOps.toc'.

LaTeX Font Info:    Trying to load font information for T1+cmss on input line 6
7.
(/Library/Application Support/MiKTeX/texmfs/install/tex/latex/base/t1cmss.fd
File: t1cmss.fd 2023/04/13 v2.5m Standard LaTeX font definitions
)
Package microtype Info: Loading generic protrusion settings for font family
(microtype)             `cmss' (encoding: T1).
(microtype)             For optimal results, create family-specific settings.
(microtype)             See the microtype manual for details.


LaTeX Font Warning: Font shape `T1/cmr/m/n' in size <153.57375> not available
(Font)              size <35.83> substituted on input line 67.

[1{/Users/chuksokoli/Library/Application Support/MiKTeX/texmfs/data/fonts/map/p
dftex/pdftex.map}

]
Chapter 1.
Package mdframed Info: mdframed inside twoside mode but
(mdframed)             works with oneside mode on input line 76.
Package mdframed Info: mdframed detected package amsthm 
 changed the theorem header of amsthm
(mdframed)              on input line 76.

LaTeX Font Warning: Font shape `T1/cmr/m/n' in size <30.28462> not available
(Font)              size <29.86> substituted on input line 78.


LaTeX Font Warning: Font shape `T1/cmr/bx/n' in size <30.28462> not available
(Font)              size <29.86> substituted on input line 78.

Package lettrine.sty Info: Targeted height = 20.79736pt
(lettrine.sty)             (for loversize=0, accent excluded),
(lettrine.sty)             Lettrine height = 20.58243pt (\textcolor {lettergree
n}{\bfseries H});
(lettrine.sty)             reported on input line 78.

Underfull \vbox (badness 10000) has occurred while \output is active []

 [2


! pdfTeX error (font expansion): auto expansion is only possible with scalable 
fonts.
<argument> ...shipout:D \box_use:N \l_shipout_box 
                                                  \__shipout_drop_firstpage_...
l.81 ...production environment.}{Microsoft Blog}{}
                                                  

 
Here is how much of TeX's memory you used:
 56476 strings out of 474370
 1318401 string characters out of 5737671
 1939054 words of memory out of 5000000
 77724 multiletter control sequences out of 15000+600000
 583789 words of font info for 147 fonts, out of 8000000 for 9000
 1141 hyphenation exceptions out of 8191
 116i,12n,121p,1256b,609s stack positions out of 10000i,1000n,20000p,200000b,200000s
!  ==> Fatal error occurred, no output PDF file produced!
